{"logTime": "0607/005434", "correlationVector":"waFPDNdrgbx0yCPKZajQ0o.83","action":"GetUpdates", "result":"DeleteReceived", "context":{"id":"70f7ced1-8af9-492d-804b-c322036d3545", "isDeleted:":"true", "version":"1717623779066"}}
{"logTime": "0607/005434", "correlationVector":"waFPDNdrgbx0yCPKZajQ0o.84","action":"GetUpdates", "result":"DeleteReceived", "context":{"id":"50d00fc1-050c-4846-8ce9-b7d939fbc024", "isDeleted:":"true", "version":"1717709928229"}}
{"logTime": "0607/005434", "correlationVector":"waFPDNdrgbx0yCPKZajQ0o.85","action":"GetUpdates", "result":"DeleteReceived", "context":{"id":"49a34124-b033-4308-9f64-b4d32f10830f", "isDeleted:":"true", "version":"1717709928230"}}
{"logTime": "0607/005434", "correlationVector":"waFPDNdrgbx0yCPKZajQ0o.86","action":"GetUpdates", "result":"DeleteReceived", "context":{"id":"20d5a02c-7135-4933-8d86-4a5338933d99", "isDeleted:":"true", "version":"1717709928231"}}
{"logTime": "0607/005434", "correlationVector":"waFPDNdrgbx0yCPKZajQ0o.87","action":"GetUpdates", "result":"DeleteReceived", "context":{"id":"c95a374b-53b6-402f-af13-a18737ad4646", "isDeleted:":"true", "version":"1717709928232"}}
{"logTime": "0607/005434", "correlationVector":"waFPDNdrgbx0yCPKZajQ0o.88","action":"GetUpdates", "result":"DeleteReceived", "context":{"id":"1f791b5e-3035-44bf-9b8e-2ceeaa8539e2", "isDeleted:":"true", "version":"1717709928233"}}
{"logTime": "0607/005434", "correlationVector":"waFPDNdrgbx0yCPKZajQ0o.89","action":"GetUpdates", "result":"DeleteReceived", "context":{"id":"0b28dcc0-6ecc-4de7-a277-7a38f257b8ff", "isDeleted:":"true", "version":"1717709928235"}}
{"logTime": "0607/005434", "correlationVector":"waFPDNdrgbx0yCPKZajQ0o.90","action":"GetUpdates", "result":"DeleteReceived", "context":{"id":"c730db67-8664-4bec-ab92-7de44091255f", "isDeleted:":"true", "version":"1717715899303"}}
{"logTime": "0607/005434", "correlationVector":"waFPDNdrgbx0yCPKZajQ0o.91","action":"GetUpdates", "result":"DeleteReceived", "context":{"id":"2a4012ce-fdea-42c9-8e83-b385e3c67d1b", "isDeleted:":"true", "version":"1717715899306"}}
{"logTime": "0607/005434", "correlationVector":"waFPDNdrgbx0yCPKZajQ0o.92","action":"GetUpdates", "result":"DeleteReceived", "context":{"id":"88b0da1e-c70d-4633-a2a9-7b9afcfa15dc", "isDeleted:":"true", "version":"1717715899308"}}
{"logTime": "0607/005434", "correlationVector":"waFPDNdrgbx0yCPKZajQ0o.93","action":"GetUpdates", "result":"DeleteReceived", "context":{"id":"a0833d79-a417-4bdf-904f-c4f5c3cfa8e3", "isDeleted:":"true", "version":"1717715899309"}}
{"logTime": "0607/005434", "correlationVector":"waFPDNdrgbx0yCPKZajQ0o.94","action":"GetUpdates", "result":"DeleteReceived", "context":{"id":"7d504c7b-5326-4705-aea4-a46f3ade7787", "isDeleted:":"true", "version":"1717715899311"}}
{"logTime": "0607/005434", "correlationVector":"waFPDNdrgbx0yCPKZajQ0o.95","action":"GetUpdates", "result":"DeleteReceived", "context":{"id":"bd1fa4fa-c713-4014-bdfe-4e2c936735cf", "isDeleted:":"true", "version":"1717715946352"}}
{"logTime": "0607/005434", "correlationVector":"waFPDNdrgbx0yCPKZajQ0o.96","action":"GetUpdates", "result":"DeleteReceived", "context":{"id":"42779a78-cc5a-463d-b43b-7538d859b270", "isDeleted:":"true", "version":"1717715946356"}}
{"logTime": "0607/005434", "correlationVector":"waFPDNdrgbx0yCPKZajQ0o.97","action":"GetUpdates", "result":"DeleteReceived", "context":{"id":"c53f7c98-3349-452a-b44c-b966f903f1cb", "isDeleted:":"true", "version":"1717716250517"}}
{"logTime": "0607/005434", "correlationVector":"waFPDNdrgbx0yCPKZajQ0o.98","action":"GetUpdates", "result":"DeleteReceived", "context":{"id":"26b6dae3-0839-493b-b3ac-b34b27009502", "isDeleted:":"true", "version":"1717716250520"}}
{"logTime": "0607/005434", "correlationVector":"waFPDNdrgbx0yCPKZajQ0o.99","action":"GetUpdates", "result":"DeleteReceived", "context":{"id":"07ab78c7-1fb5-4975-8650-5a0d16e426d2", "isDeleted:":"true", "version":"1717716250524"}}
{"logTime": "0607/005434", "correlationVector":"waFPDNdrgbx0yCPKZajQ0o.100","action":"GetUpdates", "result":"DeleteReceived", "context":{"id":"ecfb9619-72c5-4dbb-bd84-1aa2074097b1", "isDeleted:":"true", "version":"1717716250526"}}
{"logTime": "0607/005434", "correlationVector":"waFPDNdrgbx0yCPKZajQ0o.101","action":"GetUpdates", "result":"DeleteReceived", "context":{"id":"220d9a4a-a9cc-475c-bc62-13c71b4fd29c", "isDeleted:":"true", "version":"1717719852639"}}
{"logTime": "0607/005434", "correlationVector":"waFPDNdrgbx0yCPKZajQ0o.102","action":"GetUpdates", "result":"DeleteReceived", "context":{"id":"9ba506a6-dec0-4f15-ab93-cf5141a072fe", "isDeleted:":"true", "version":"1717719852640"}}
{"logTime": "0607/005434", "correlationVector":"waFPDNdrgbx0yCPKZajQ0o.103","action":"GetUpdates", "result":"DeleteReceived", "context":{"id":"990ff9ef-4bde-4158-af12-2ccd75157808", "isDeleted:":"true", "version":"1717719852642"}}
{"logTime": "0607/005434", "correlationVector":"waFPDNdrgbx0yCPKZajQ0o.104","action":"GetUpdates", "result":"DeleteReceived", "context":{"id":"7b5704af-38fe-4803-a4db-e4434475157a", "isDeleted:":"true", "version":"1717720126044"}}
{"logTime": "0607/005434", "correlationVector":"waFPDNdrgbx0yCPKZajQ0o.105","action":"GetUpdates", "result":"DeleteReceived", "context":{"id":"eb62ce31-f84f-4326-a430-b83dffbf8d88", "isDeleted:":"true", "version":"1717720126045"}}
{"logTime": "0607/005434", "correlationVector":"waFPDNdrgbx0yCPKZajQ0o.106","action":"GetUpdates Response", "result":"Success", "context":Received 166 update(s). cV=waFPDNdrgbx0yCPKZajQ0o.0;server=GENERAL0100001W;cloudType=Consumer;environment=Prod_EastUS2_000e;migrationStage=NotStarted}
{"logTime": "0607/005434", "correlationVector":"0cp0frBj6BvVCwBV96Ph0+.1","action":"SyncServerConnectionManagerRequest", "result":"SYNC_SERVER_OK", "context":{"environment":"Prod_EastUS2_000e", "migrationStage":"NotStarted", "server":"GENERAL0100001E"}}
{"logTime": "0607/005434", "correlationVector":"0cp0frBj6BvVCwBV96Ph0+.2","action":"GetUpdates Response", "result":"Success", "context":Received 0 update(s). cV=0cp0frBj6BvVCwBV96Ph0+.0;server=GENERAL0100001E;cloudType=Consumer;environment=Prod_EastUS2_000e;migrationStage=NotStarted}
{"logTime": "0607/005434", "correlationVector":"74f4KTdXCy5xN0XaGKQBuA","action":"Commit Request", "result":"", "context":Item count: 14
Contributing types: Preferences, Passwords, Sessions, Device Info}
{"logTime": "0607/005435", "correlationVector":"74f4KTdXCy5xN0XaGKQBuA.1","action":"SyncServerConnectionManagerRequest", "result":"SYNC_SERVER_OK", "context":{"environment":"Prod_EastUS2_000e", "migrationStage":"NotStarted", "server":"GENERAL01000010"}}
{"logTime": "0607/005435", "correlationVector":"74f4KTdXCy5xN0XaGKQBuA.2","action":"Commit Response", "result":"Success", "context":Result: Success. cV=74f4KTdXCy5xN0XaGKQBuA.0;server=GENERAL01000010;cloudType=Consumer;environment=Prod_EastUS2_000e;migrationStage=NotStarted}
{"logTime": "0607/005640", "correlationVector":"wpPpOv2UIZQ6xw0pZhLgkP","action":"Commit Request", "result":"", "context":Item count: 1
Contributing types: Sessions}
{"logTime": "0607/005640", "correlationVector":"wpPpOv2UIZQ6xw0pZhLgkP.1","action":"SyncServerConnectionManagerRequest", "result":"SYNC_SERVER_OK", "context":{"environment":"Prod_EastUS2_000e", "migrationStage":"NotStarted", "server":"GENERAL0100000M"}}
{"logTime": "0607/005641", "correlationVector":"wpPpOv2UIZQ6xw0pZhLgkP.2","action":"Commit Response", "result":"Success", "context":Result: Success. cV=wpPpOv2UIZQ6xw0pZhLgkP.0;server=GENERAL0100000M;cloudType=Consumer;environment=Prod_EastUS2_000e;migrationStage=NotStarted}
{"logTime": "0607/005725", "correlationVector":"i/dcgL+w4qcIM1byeXw7g4","action":"Commit Request", "result":"", "context":Item count: 1
Contributing types: Sessions}
{"logTime": "0607/005725", "correlationVector":"i/dcgL+w4qcIM1byeXw7g4.1","action":"SyncServerConnectionManagerRequest", "result":"SYNC_SERVER_OK", "context":{"environment":"Prod_EastUS2_000e", "migrationStage":"NotStarted", "server":"GENERAL0100002B"}}
{"logTime": "0607/005725", "correlationVector":"i/dcgL+w4qcIM1byeXw7g4.2","action":"Commit Response", "result":"Success", "context":Result: Success. cV=i/dcgL+w4qcIM1byeXw7g4.0;server=GENERAL0100002B;cloudType=Consumer;environment=Prod_EastUS2_000e;migrationStage=NotStarted}
{"logTime": "0607/005919", "correlationVector":"xUtWMpN6BmOvjtdi9kQJ77","action":"Normal GetUpdate request", "result":"", "context":cV=xUtWMpN6BmOvjtdi9kQJ77
Refresh requested types: Bookmarks, Preferences, Passwords, Autofill Profiles, Autofill, Typed URLs, Extensions, Sessions, Extension settings, History Delete Directives, Device Info, User Consents, Send Tab To Self, Web Apps, Collection, Edge E Drop, Edge Hub App Usage, Edge Tab Group, Edge Wallet, Encryption Keys}
{"logTime": "0607/005919", "correlationVector":"xUtWMpN6BmOvjtdi9kQJ77.1","action":"SyncServerConnectionManagerRequest", "result":"SYNC_SERVER_OK", "context":{"environment":"Prod_EastUS2_000e", "migrationStage":"NotStarted", "server":"GENERAL0100002Y"}}
{"logTime": "0607/005919", "correlationVector":"xUtWMpN6BmOvjtdi9kQJ77.2","action":"GetUpdates Response", "result":"Success", "context":Received 14 update(s). cV=xUtWMpN6BmOvjtdi9kQJ77.0;server=GENERAL0100002Y;cloudType=Consumer;environment=Prod_EastUS2_000e;migrationStage=NotStarted}
{"logTime": "0621/165453", "correlationVector":"j3KR61t7o3OepGspNKm3rF.1","action":"SyncServerConnectionManagerRequest", "result":"SYNC_SERVER_OK", "context":{"environment":"Prod_EastUS2_000e", "migrationStage":"NotStarted", "server":"GENERAL0100001B"}}
{"logTime": "0621/165453", "correlationVector":"FdU19ATMtAK+U/yNi8yq71","action":"SyncServerConnectionManagerRequest", "result":"SYNC_SERVER_OK", "context":{"environment":"", "migrationStage":"", "server":""}}
{"logTime": "0621/165453", "correlationVector":"j3KR61t7o3OepGspNKm3rF","action":"Initial GetUpdates", "result":"", "context":Reason: NEW_CLIENT. cV=j3KR61t7o3OepGspNKm3rF}
{"logTime": "0621/165453", "correlationVector":"j3KR61t7o3OepGspNKm3rF.2","action":"GetUpdates Response", "result":"Success", "context":Received 1 update(s). cV=j3KR61t7o3OepGspNKm3rF.0;server=GENERAL0100001B;cloudType=Consumer;environment=Prod_EastUS2_000e;migrationStage=NotStarted}
{"logTime": "0621/165453", "correlationVector":"ITEo4aFc72zRTJmkP6zEPZ","action":"Initial GetUpdates", "result":"", "context":Reason: NEWLY_SUPPORTED_DATATYPE. cV=ITEo4aFc72zRTJmkP6zEPZ}
{"logTime": "0621/165453", "correlationVector":"ITEo4aFc72zRTJmkP6zEPZ.1","action":"SyncServerConnectionManagerRequest", "result":"SYNC_SERVER_OK", "context":{"environment":"Prod_EastUS2_000e", "migrationStage":"NotStarted", "server":"GENERAL01000033"}}
{"logTime": "0621/165453", "correlationVector":"ITEo4aFc72zRTJmkP6zEPZ.2","action":"GetUpdates", "result":"DeleteReceived", "context":{"id":"775edc8d-d81c-46d7-b4c1-c8258bfde590", "isDeleted:":"true", "version":"1712767304608"}}
{"logTime": "0621/165453", "correlationVector":"ITEo4aFc72zRTJmkP6zEPZ.3","action":"GetUpdates", "result":"DeleteReceived", "context":{"id":"aa7491b3-3840-461b-87a1-5e51def4e229", "isDeleted:":"true", "version":"1712939521710"}}
{"logTime": "0621/165453", "correlationVector":"ITEo4aFc72zRTJmkP6zEPZ.4","action":"GetUpdates", "result":"DeleteReceived", "context":{"id":"c64f1573-36ba-4f9d-b460-7391d232eed6", "isDeleted:":"true", "version":"1718161639966"}}
{"logTime": "0621/165453", "correlationVector":"ITEo4aFc72zRTJmkP6zEPZ.5","action":"GetUpdates Response", "result":"Success", "context":Received 15 update(s). cV=ITEo4aFc72zRTJmkP6zEPZ.0;server=GENERAL01000033;cloudType=Consumer;environment=Prod_EastUS2_000e;migrationStage=NotStarted}
{"logTime": "0621/165453", "correlationVector":"LAd2uzffadVKwVrP2xy1zy","action":"Normal GetUpdate request", "result":"", "context":cV=LAd2uzffadVKwVrP2xy1zy
Nudged types: Sessions, Device Info
Refresh requested types: Bookmarks, Preferences, Passwords, Autofill Profiles, Autofill, Typed URLs, Extensions, Sessions, Extension settings, History Delete Directives, Device Info, User Consents, Send Tab To Self, Web Apps, Collection, Edge E Drop, Edge Hub App Usage, Edge Tab Group, Edge Wallet, Encryption Keys}
{"logTime": "0621/165453", "correlationVector":"LAd2uzffadVKwVrP2xy1zy.1","action":"SyncServerConnectionManagerRequest", "result":"SYNC_SERVER_OK", "context":{"environment":"Prod_EastUS2_000e", "migrationStage":"NotStarted", "server":"GENERAL01000026"}}
{"logTime": "0621/165453", "correlationVector":"LAd2uzffadVKwVrP2xy1zy.2","action":"GetUpdates", "result":"DeleteReceived", "context":{"id":"acd1f48d-7b2a-4215-9f4b-bd2032263df5", "isDeleted:":"true", "version":"1717722982269"}}
{"logTime": "0621/165453", "correlationVector":"LAd2uzffadVKwVrP2xy1zy.3","action":"GetUpdates", "result":"DeleteReceived", "context":{"id":"510ff251-d767-4778-9819-1a6f7e4f630d", "isDeleted:":"true", "version":"1717724894155"}}
{"logTime": "0621/165453", "correlationVector":"LAd2uzffadVKwVrP2xy1zy.4","action":"GetUpdates", "result":"DeleteReceived", "context":{"id":"4cdbd534-18ce-43f7-b35e-b28216bb34a1", "isDeleted:":"true", "version":"1717724894156"}}
{"logTime": "0621/165453", "correlationVector":"LAd2uzffadVKwVrP2xy1zy.5","action":"GetUpdates", "result":"DeleteReceived", "context":{"id":"667d284d-0c11-4902-ad0a-879a9117df13", "isDeleted:":"true", "version":"1717724894157"}}
{"logTime": "0621/165453", "correlationVector":"LAd2uzffadVKwVrP2xy1zy.6","action":"GetUpdates", "result":"DeleteReceived", "context":{"id":"94cded28-a25c-468f-8d7b-9c3f15acc730", "isDeleted:":"true", "version":"1717724894158"}}
{"logTime": "0621/165453", "correlationVector":"LAd2uzffadVKwVrP2xy1zy.7","action":"GetUpdates", "result":"DeleteReceived", "context":{"id":"84471618-a933-4429-a2ed-98a98e102c95", "isDeleted:":"true", "version":"1717724894159"}}
{"logTime": "0621/165453", "correlationVector":"LAd2uzffadVKwVrP2xy1zy.8","action":"GetUpdates", "result":"DeleteReceived", "context":{"id":"d4d94d22-af22-4b0e-88ec-3574595ea0c7", "isDeleted:":"true", "version":"1717724894161"}}
{"logTime": "0621/165453", "correlationVector":"LAd2uzffadVKwVrP2xy1zy.9","action":"GetUpdates", "result":"DeleteReceived", "context":{"id":"ffc48c15-7e3a-444b-9eb2-ce41f052f0a1", "isDeleted:":"true", "version":"1717725689573"}}
{"logTime": "0621/165453", "correlationVector":"LAd2uzffadVKwVrP2xy1zy.10","action":"GetUpdates", "result":"DeleteReceived", "context":{"id":"68b6f3a9-0904-4ad8-8d45-218c3dd62f04", "isDeleted:":"true", "version":"1717727680141"}}
{"logTime": "0621/165453", "correlationVector":"LAd2uzffadVKwVrP2xy1zy.11","action":"GetUpdates", "result":"DeleteReceived", "context":{"id":"35958eef-5b0a-4701-90f0-594a06f4b5a1", "isDeleted:":"true", "version":"1717732631742"}}
{"logTime": "0621/165453", "correlationVector":"LAd2uzffadVKwVrP2xy1zy.12","action":"GetUpdates", "result":"DeleteReceived", "context":{"id":"ffccbfcd-2489-4d73-952d-9abf36d23814", "isDeleted:":"true", "version":"1717732631745"}}
{"logTime": "0621/165453", "correlationVector":"LAd2uzffadVKwVrP2xy1zy.13","action":"GetUpdates", "result":"DeleteReceived", "context":{"id":"941f763c-3331-497a-889b-d9cb844624eb", "isDeleted:":"true", "version":"1717787130218"}}
{"logTime": "0621/165453", "correlationVector":"LAd2uzffadVKwVrP2xy1zy.14","action":"GetUpdates", "result":"DeleteReceived", "context":{"id":"0fc4a1e9-a432-4667-bd1a-31e370e8d048", "isDeleted:":"true", "version":"1717787130219"}}
{"logTime": "0621/165453", "correlationVector":"LAd2uzffadVKwVrP2xy1zy.15","action":"GetUpdates", "result":"DeleteReceived", "context":{"id":"18ac6ad9-fc8e-4b42-984d-e21cc7060bca", "isDeleted:":"true", "version":"1717787130220"}}
{"logTime": "0621/165453", "correlationVector":"LAd2uzffadVKwVrP2xy1zy.16","action":"GetUpdates", "result":"DeleteReceived", "context":{"id":"7750f98b-9e99-4584-a35b-8927d7e2cd03", "isDeleted:":"true", "version":"1717789941144"}}
{"logTime": "0621/165453", "correlationVector":"LAd2uzffadVKwVrP2xy1zy.17","action":"GetUpdates", "result":"DeleteReceived", "context":{"id":"abbfe408-cc47-4549-960e-f6bc4cb30a96", "isDeleted:":"true", "version":"1717789941147"}}
{"logTime": "0621/165453", "correlationVector":"LAd2uzffadVKwVrP2xy1zy.18","action":"GetUpdates", "result":"DeleteReceived", "context":{"id":"1e6c2a56-6bec-4118-a7a5-6a94d90a727e", "isDeleted:":"true", "version":"1717793076287"}}
{"logTime": "0621/165453", "correlationVector":"LAd2uzffadVKwVrP2xy1zy.19","action":"GetUpdates", "result":"DeleteReceived", "context":{"id":"07f67bdd-fa24-4f14-bfd8-1c623be8cc54", "isDeleted:":"true", "version":"1717793076288"}}
{"logTime": "0621/165453", "correlationVector":"LAd2uzffadVKwVrP2xy1zy.20","action":"GetUpdates", "result":"DeleteReceived", "context":{"id":"7d14143d-3eca-4368-915d-cf11938820b8", "isDeleted:":"true", "version":"1717798287315"}}
{"logTime": "0621/165453", "correlationVector":"LAd2uzffadVKwVrP2xy1zy.21","action":"GetUpdates", "result":"DeleteReceived", "context":{"id":"3b3fa9fa-3a3d-4ed4-86c4-2408ee1e0567", "isDeleted:":"true", "version":"1717892919318"}}
{"logTime": "0621/165453", "correlationVector":"LAd2uzffadVKwVrP2xy1zy.22","action":"GetUpdates", "result":"DeleteReceived", "context":{"id":"22f6ab0e-c9fe-471e-926d-3e1fca4983eb", "isDeleted:":"true", "version":"1717892994582"}}
{"logTime": "0621/165453", "correlationVector":"LAd2uzffadVKwVrP2xy1zy.23","action":"GetUpdates", "result":"DeleteReceived", "context":{"id":"364be2e4-f8a1-40b6-b75f-d2084d6109e3", "isDeleted:":"true", "version":"1717894466631"}}
{"logTime": "0621/165453", "correlationVector":"LAd2uzffadVKwVrP2xy1zy.24","action":"GetUpdates", "result":"DeleteReceived", "context":{"id":"a9d74053-f71a-4ede-bf05-5538344bc606", "isDeleted:":"true", "version":"1717895193220"}}
{"logTime": "0621/165453", "correlationVector":"LAd2uzffadVKwVrP2xy1zy.25","action":"GetUpdates", "result":"DeleteReceived", "context":{"id":"2e58159f-0708-4a53-87f5-259e78c57493", "isDeleted:":"true", "version":"1717898070024"}}
{"logTime": "0621/165453", "correlationVector":"LAd2uzffadVKwVrP2xy1zy.26","action":"GetUpdates", "result":"DeleteReceived", "context":{"id":"253d38ac-99b2-4295-a2e4-721421c95203", "isDeleted:":"true", "version":"1717899238110"}}
{"logTime": "0621/165453", "correlationVector":"LAd2uzffadVKwVrP2xy1zy.27","action":"GetUpdates", "result":"DeleteReceived", "context":{"id":"d1041c3e-cb44-4376-a84c-692fd414041a", "isDeleted:":"true", "version":"1717976172657"}}
{"logTime": "0621/165453", "correlationVector":"LAd2uzffadVKwVrP2xy1zy.28","action":"GetUpdates", "result":"DeleteReceived", "context":{"id":"bfb237b6-1897-4ae7-8fe5-0fb678606b9d", "isDeleted:":"true", "version":"1717976172658"}}
{"logTime": "0621/165453", "correlationVector":"LAd2uzffadVKwVrP2xy1zy.29","action":"GetUpdates", "result":"DeleteReceived", "context":{"id":"bca68aed-0391-4849-bcf8-1803ed426749", "isDeleted:":"true", "version":"1717986262013"}}
{"logTime": "0621/165453", "correlationVector":"LAd2uzffadVKwVrP2xy1zy.30","action":"GetUpdates", "result":"DeleteReceived", "context":{"id":"c280df2f-5844-4d45-9be3-196d5989c12e", "isDeleted:":"true", "version":"1717986262014"}}
{"logTime": "0621/165453", "correlationVector":"LAd2uzffadVKwVrP2xy1zy.31","action":"GetUpdates", "result":"DeleteReceived", "context":{"id":"b91930fd-ead0-4620-978d-df35936031e8", "isDeleted:":"true", "version":"1718046902299"}}
{"logTime": "0621/165453", "correlationVector":"LAd2uzffadVKwVrP2xy1zy.32","action":"GetUpdates", "result":"DeleteReceived", "context":{"id":"ee2f44d7-c472-41d3-984a-4185a8790a11", "isDeleted:":"true", "version":"1718050209193"}}
{"logTime": "0621/165453", "correlationVector":"LAd2uzffadVKwVrP2xy1zy.33","action":"GetUpdates", "result":"DeleteReceived", "context":{"id":"7af774aa-faf2-483f-853b-d981884b3ac9", "isDeleted:":"true", "version":"1718050209195"}}
{"logTime": "0621/165453", "correlationVector":"LAd2uzffadVKwVrP2xy1zy.34","action":"GetUpdates", "result":"DeleteReceived", "context":{"id":"a9f2e2f9-5efc-4832-bfd9-29a9ef793a94", "isDeleted:":"true", "version":"1718061305832"}}
{"logTime": "0621/165453", "correlationVector":"LAd2uzffadVKwVrP2xy1zy.36","action":"GetUpdates", "result":"DeleteReceived", "context":{"id":"424660ce-9152-4be0-9fea-165959632e0e", "isDeleted:":"true", "version":"1718062470952"}}
{"logTime": "0621/165453", "correlationVector":"LAd2uzffadVKwVrP2xy1zy.37","action":"GetUpdates", "result":"DeleteReceived", "context":{"id":"ba081a12-4057-4c13-bab8-5edfcf119244", "isDeleted:":"true", "version":"1718064490573"}}
{"logTime": "0621/165453", "correlationVector":"LAd2uzffadVKwVrP2xy1zy.38","action":"GetUpdates", "result":"DeleteReceived", "context":{"id":"97c79ca8-40c0-4922-a1f6-05d58916f75b", "isDeleted:":"true", "version":"1718064569716"}}
{"logTime": "0621/165453", "correlationVector":"LAd2uzffadVKwVrP2xy1zy.39","action":"GetUpdates", "result":"DeleteReceived", "context":{"id":"5c2ac076-8fa0-4edd-b934-2968217efcbf", "isDeleted:":"true", "version":"1718064569718"}}
{"logTime": "0621/165453", "correlationVector":"LAd2uzffadVKwVrP2xy1zy.40","action":"GetUpdates", "result":"DeleteReceived", "context":{"id":"67ae1b0f-d066-4cca-9110-ab93030b8bf3", "isDeleted:":"true", "version":"1718064569719"}}
{"logTime": "0621/165453", "correlationVector":"LAd2uzffadVKwVrP2xy1zy.41","action":"GetUpdates", "result":"DeleteReceived", "context":{"id":"1a09a6cd-a8fc-4b91-83a6-354151ca8380", "isDeleted:":"true", "version":"1718064569720"}}
{"logTime": "0621/165453", "correlationVector":"LAd2uzffadVKwVrP2xy1zy.42","action":"GetUpdates", "result":"DeleteReceived", "context":{"id":"944b5dea-33cf-47af-af5b-25491890ecdd", "isDeleted:":"true", "version":"1718144180329"}}
{"logTime": "0621/165453", "correlationVector":"LAd2uzffadVKwVrP2xy1zy.43","action":"GetUpdates", "result":"DeleteReceived", "context":{"id":"d30ace02-de3e-4da9-9f10-dac583b98524", "isDeleted:":"true", "version":"1718144180331"}}
{"logTime": "0621/165453", "correlationVector":"LAd2uzffadVKwVrP2xy1zy.44","action":"GetUpdates", "result":"DeleteReceived", "context":{"id":"57cadedf-dd18-4bba-a20e-93b3137919ac", "isDeleted:":"true", "version":"1718144343751"}}
{"logTime": "0621/165453", "correlationVector":"LAd2uzffadVKwVrP2xy1zy.45","action":"GetUpdates", "result":"DeleteReceived", "context":{"id":"085053be-7709-44c8-a4b5-8a147e7960f5", "isDeleted:":"true", "version":"1718144479661"}}
{"logTime": "0621/165453", "correlationVector":"LAd2uzffadVKwVrP2xy1zy.46","action":"GetUpdates", "result":"DeleteReceived", "context":{"id":"154c6028-4662-42cb-8959-bc2d3604e939", "isDeleted:":"true", "version":"1718161366864"}}
{"logTime": "0621/165453", "correlationVector":"LAd2uzffadVKwVrP2xy1zy.47","action":"GetUpdates", "result":"DeleteReceived", "context":{"id":"a3cb9305-6b3a-4b60-9a92-a437feac5a6a", "isDeleted:":"true", "version":"1718161366865"}}
{"logTime": "0621/165453", "correlationVector":"LAd2uzffadVKwVrP2xy1zy.48","action":"GetUpdates", "result":"DeleteReceived", "context":{"id":"9ca6ef3f-6682-4daa-a109-a88296f5ecaf", "isDeleted:":"true", "version":"1718161425014"}}
{"logTime": "0621/165453", "correlationVector":"LAd2uzffadVKwVrP2xy1zy.49","action":"GetUpdates", "result":"DeleteReceived", "context":{"id":"ae8f5cf2-057c-45bc-8575-7a822c364fe7", "isDeleted:":"true", "version":"1718161425015"}}
{"logTime": "0621/165453", "correlationVector":"LAd2uzffadVKwVrP2xy1zy.50","action":"GetUpdates", "result":"DeleteReceived", "context":{"id":"fbc0e75c-a5ba-48e0-b91b-218913fa4e7a", "isDeleted:":"true", "version":"1718161480631"}}
{"logTime": "0621/165453", "correlationVector":"LAd2uzffadVKwVrP2xy1zy.51","action":"GetUpdates", "result":"DeleteReceived", "context":{"id":"d3f16d89-bf0e-4087-8507-d55f27570520", "isDeleted:":"true", "version":"1718161723916"}}
{"logTime": "0621/165453", "correlationVector":"LAd2uzffadVKwVrP2xy1zy.52","action":"GetUpdates", "result":"DeleteReceived", "context":{"id":"5e183bfe-24af-4e13-bd66-45c4703894ff", "isDeleted:":"true", "version":"1718161723917"}}
{"logTime": "0621/165453", "correlationVector":"LAd2uzffadVKwVrP2xy1zy.53","action":"GetUpdates", "result":"DeleteReceived", "context":{"id":"f58ef3f1-9342-49af-946a-efe42c3294a8", "isDeleted:":"true", "version":"1718161723919"}}
{"logTime": "0621/165453", "correlationVector":"LAd2uzffadVKwVrP2xy1zy.54","action":"GetUpdates", "result":"DeleteReceived", "context":{"id":"50e4e115-5393-48c7-9ba4-4d6e312f831e", "isDeleted:":"true", "version":"1718161723920"}}
{"logTime": "0621/165453", "correlationVector":"LAd2uzffadVKwVrP2xy1zy.55","action":"GetUpdates", "result":"DeleteReceived", "context":{"id":"60b1ddb3-425c-4277-ac4c-f6128343fa6b", "isDeleted:":"true", "version":"1718161723922"}}
{"logTime": "0621/165453", "correlationVector":"LAd2uzffadVKwVrP2xy1zy.56","action":"GetUpdates", "result":"DeleteReceived", "context":{"id":"8ed6852a-685a-4d2c-bd51-8599f89cf7bf", "isDeleted:":"true", "version":"1718161726685"}}
{"logTime": "0621/165453", "correlationVector":"LAd2uzffadVKwVrP2xy1zy.57","action":"GetUpdates", "result":"DeleteReceived", "context":{"id":"603cbde9-0c7a-4222-8a93-0dbbd2262a5f", "isDeleted:":"true", "version":"1718217714173"}}
{"logTime": "0621/165453", "correlationVector":"LAd2uzffadVKwVrP2xy1zy.58","action":"GetUpdates", "result":"DeleteReceived", "context":{"id":"ad09c7ed-53e6-42bc-8b5e-0d400b587025", "isDeleted:":"true", "version":"1718218367901"}}
{"logTime": "0621/165453", "correlationVector":"LAd2uzffadVKwVrP2xy1zy.59","action":"GetUpdates", "result":"DeleteReceived", "context":{"id":"4750fa6e-5c9e-490b-a3c1-dab1a0d91ee3", "isDeleted:":"true", "version":"1718222554606"}}
{"logTime": "0621/165453", "correlationVector":"LAd2uzffadVKwVrP2xy1zy.60","action":"GetUpdates", "result":"DeleteReceived", "context":{"id":"7d48b208-465e-4a20-a5f0-89d2741894c3", "isDeleted:":"true", "version":"1718223193388"}}
{"logTime": "0621/165453", "correlationVector":"LAd2uzffadVKwVrP2xy1zy.61","action":"GetUpdates", "result":"DeleteReceived", "context":{"id":"44da0fbd-066f-49b5-8f09-42d7f2e47e4f", "isDeleted:":"true", "version":"1718227927445"}}
{"logTime": "0621/165453", "correlationVector":"LAd2uzffadVKwVrP2xy1zy.62","action":"GetUpdates", "result":"DeleteReceived", "context":{"id":"0a1ffec2-45d1-4e13-9f7a-3610ab20fe7a", "isDeleted:":"true", "version":"1718227927446"}}
{"logTime": "0621/165453", "correlationVector":"LAd2uzffadVKwVrP2xy1zy.63","action":"GetUpdates", "result":"DeleteReceived", "context":{"id":"8975d00f-b02c-4ca5-b28a-43858dead0b2", "isDeleted:":"true", "version":"1718227927449"}}
{"logTime": "0621/165453", "correlationVector":"LAd2uzffadVKwVrP2xy1zy.64","action":"GetUpdates", "result":"DeleteReceived", "context":{"id":"5f4c675b-4d4e-4f40-b640-9a78f8498a7e", "isDeleted:":"true", "version":"1718228104552"}}
{"logTime": "0621/165453", "correlationVector":"LAd2uzffadVKwVrP2xy1zy.65","action":"GetUpdates", "result":"DeleteReceived", "context":{"id":"f1bc5d21-8284-4200-ae20-f48efcb53816", "isDeleted:":"true", "version":"1718278292534"}}
{"logTime": "0621/165453", "correlationVector":"LAd2uzffadVKwVrP2xy1zy.66","action":"GetUpdates", "result":"DeleteReceived", "context":{"id":"fc691083-9041-42c2-8b4f-771c0bc64fa4", "isDeleted:":"true", "version":"1718278292537"}}
{"logTime": "0621/165453", "correlationVector":"LAd2uzffadVKwVrP2xy1zy.67","action":"GetUpdates", "result":"DeleteReceived", "context":{"id":"718e9aab-f98c-4c74-8f87-06c6a95dfe06", "isDeleted:":"true", "version":"1718311832217"}}
{"logTime": "0621/165453", "correlationVector":"LAd2uzffadVKwVrP2xy1zy.69","action":"GetUpdates", "result":"DeleteReceived", "context":{"id":"4a3ebe23-c92b-4cff-b2d1-8c1e596bb625", "isDeleted:":"true", "version":"1718322995839"}}
{"logTime": "0621/165453", "correlationVector":"LAd2uzffadVKwVrP2xy1zy.70","action":"GetUpdates", "result":"DeleteReceived", "context":{"id":"dd3a5b87-3881-40fb-816c-dd491489c8b7", "isDeleted:":"true", "version":"1718323111202"}}
{"logTime": "0621/165453", "correlationVector":"LAd2uzffadVKwVrP2xy1zy.71","action":"GetUpdates", "result":"DeleteReceived", "context":{"id":"5388d518-10d8-4770-8c79-6e1a1fa8f47b", "isDeleted:":"true", "version":"1718323111203"}}
{"logTime": "0621/165453", "correlationVector":"LAd2uzffadVKwVrP2xy1zy.72","action":"GetUpdates", "result":"DeleteReceived", "context":{"id":"4bf314f6-573e-4ed5-8969-7452ace8ffa5", "isDeleted:":"true", "version":"1718323111206"}}
{"logTime": "0621/165453", "correlationVector":"LAd2uzffadVKwVrP2xy1zy.74","action":"GetUpdates", "result":"DeleteReceived", "context":{"id":"9e3b6a16-3b55-438c-8af6-c6caf9be1cde", "isDeleted:":"true", "version":"1718323414774"}}
{"logTime": "0621/165453", "correlationVector":"LAd2uzffadVKwVrP2xy1zy.75","action":"GetUpdates", "result":"DeleteReceived", "context":{"id":"4d92ce2a-fec2-4a94-af58-9027c7370d0d", "isDeleted:":"true", "version":"1718323414776"}}
{"logTime": "0621/165453", "correlationVector":"LAd2uzffadVKwVrP2xy1zy.76","action":"GetUpdates", "result":"DeleteReceived", "context":{"id":"9aaff5f0-9a48-462b-80c4-54d2f2b83e2c", "isDeleted:":"true", "version":"1718323414777"}}
{"logTime": "0621/165453", "correlationVector":"LAd2uzffadVKwVrP2xy1zy.77","action":"GetUpdates", "result":"DeleteReceived", "context":{"id":"a4d712b9-b43f-431e-b687-6527c1584976", "isDeleted:":"true", "version":"1718372310759"}}
{"logTime": "0621/165453", "correlationVector":"LAd2uzffadVKwVrP2xy1zy.78","action":"GetUpdates", "result":"DeleteReceived", "context":{"id":"c679528a-950d-48be-a286-6d2fb0508b44", "isDeleted:":"true", "version":"1718372310760"}}
{"logTime": "0621/165453", "correlationVector":"LAd2uzffadVKwVrP2xy1zy.79","action":"GetUpdates", "result":"DeleteReceived", "context":{"id":"44c4791c-4f1b-46b5-9b0b-c78a8b574e6c", "isDeleted:":"true", "version":"1718372310762"}}
{"logTime": "0621/165453", "correlationVector":"LAd2uzffadVKwVrP2xy1zy.80","action":"GetUpdates", "result":"DeleteReceived", "context":{"id":"53c58af0-7793-42d0-ba71-c9704b1132eb", "isDeleted:":"true", "version":"1718372310765"}}
{"logTime": "0621/165453", "correlationVector":"LAd2uzffadVKwVrP2xy1zy.81","action":"GetUpdates", "result":"DeleteReceived", "context":{"id":"c00d70c9-e8d7-4866-92d8-e6dafb2847e3", "isDeleted:":"true", "version":"1718378866621"}}
{"logTime": "0621/165453", "correlationVector":"LAd2uzffadVKwVrP2xy1zy.82","action":"GetUpdates", "result":"DeleteReceived", "context":{"id":"c9dc8a17-dbf3-4871-a1c8-3a5f1f25c524", "isDeleted:":"true", "version":"1718378866622"}}
{"logTime": "0621/165453", "correlationVector":"LAd2uzffadVKwVrP2xy1zy.83","action":"GetUpdates", "result":"DeleteReceived", "context":{"id":"f22ed34d-928b-452a-88c9-76c9a97c2081", "isDeleted:":"true", "version":"1718378866623"}}
{"logTime": "0621/165453", "correlationVector":"LAd2uzffadVKwVrP2xy1zy.84","action":"GetUpdates", "result":"DeleteReceived", "context":{"id":"0d4cd5b1-9a63-44f7-bd50-7403c645c139", "isDeleted:":"true", "version":"1718379966648"}}
{"logTime": "0621/165453", "correlationVector":"LAd2uzffadVKwVrP2xy1zy.85","action":"GetUpdates", "result":"DeleteReceived", "context":{"id":"595fb16e-6fcc-4eaa-ab0e-121deb422f2a", "isDeleted:":"true", "version":"1718380640757"}}
{"logTime": "0621/165453", "correlationVector":"LAd2uzffadVKwVrP2xy1zy.86","action":"GetUpdates", "result":"DeleteReceived", "context":{"id":"1dc28f65-0e59-42ec-bbdc-9fe3657456dc", "isDeleted:":"true", "version":"1718382873713"}}
{"logTime": "0621/165453", "correlationVector":"LAd2uzffadVKwVrP2xy1zy.87","action":"GetUpdates", "result":"DeleteReceived", "context":{"id":"4512c44c-7946-4f3a-aca1-c8bd36a315e3", "isDeleted:":"true", "version":"1718383727046"}}
{"logTime": "0621/165453", "correlationVector":"LAd2uzffadVKwVrP2xy1zy.88","action":"GetUpdates", "result":"DeleteReceived", "context":{"id":"c3b0accd-ac48-491d-97b0-31e72d862e10", "isDeleted:":"true", "version":"1718383727047"}}
{"logTime": "0621/165453", "correlationVector":"LAd2uzffadVKwVrP2xy1zy.89","action":"GetUpdates", "result":"DeleteReceived", "context":{"id":"f20191a6-35c9-493b-aef0-fa2ba85e0f35", "isDeleted:":"true", "version":"1718383727048"}}
{"logTime": "0621/165453", "correlationVector":"LAd2uzffadVKwVrP2xy1zy.90","action":"GetUpdates", "result":"DeleteReceived", "context":{"id":"797fb9c9-127d-427a-ae44-591930feac08", "isDeleted:":"true", "version":"1718383727049"}}
{"logTime": "0621/165453", "correlationVector":"LAd2uzffadVKwVrP2xy1zy.91","action":"GetUpdates", "result":"DeleteReceived", "context":{"id":"a821bb79-55ed-4f34-bfa7-b2ad22607538", "isDeleted:":"true", "version":"1718383727051"}}
{"logTime": "0621/165453", "correlationVector":"LAd2uzffadVKwVrP2xy1zy.92","action":"GetUpdates", "result":"DeleteReceived", "context":{"id":"68979f0f-960f-4653-a5a0-728408f3fad6", "isDeleted:":"true", "version":"1718383753542"}}
{"logTime": "0621/165453", "correlationVector":"LAd2uzffadVKwVrP2xy1zy.93","action":"GetUpdates", "result":"DeleteReceived", "context":{"id":"ebb8d0ca-1c73-48d9-8903-f34e70454375", "isDeleted:":"true", "version":"1718383753543"}}
{"logTime": "0621/165453", "correlationVector":"LAd2uzffadVKwVrP2xy1zy.94","action":"GetUpdates", "result":"DeleteReceived", "context":{"id":"cff442b1-257e-426f-8d4a-17c7f8f0a878", "isDeleted:":"true", "version":"1718383753544"}}
{"logTime": "0621/165453", "correlationVector":"LAd2uzffadVKwVrP2xy1zy.95","action":"GetUpdates", "result":"DeleteReceived", "context":{"id":"7555860e-d3e9-462a-b435-e2dd1ac38106", "isDeleted:":"true", "version":"1718383753545"}}
{"logTime": "0621/165453", "correlationVector":"LAd2uzffadVKwVrP2xy1zy.96","action":"GetUpdates", "result":"DeleteReceived", "context":{"id":"263772ec-c983-457e-b4c4-cdcbc18238f9", "isDeleted:":"true", "version":"1718383753547"}}
{"logTime": "0621/165453", "correlationVector":"LAd2uzffadVKwVrP2xy1zy.97","action":"GetUpdates", "result":"DeleteReceived", "context":{"id":"54671889-4ca0-4c5b-9804-e405e03d38e6", "isDeleted:":"true", "version":"1718384035837"}}
{"logTime": "0621/165453", "correlationVector":"LAd2uzffadVKwVrP2xy1zy.98","action":"GetUpdates", "result":"DeleteReceived", "context":{"id":"084901da-3622-4711-a0dd-b7f97d5c5bfb", "isDeleted:":"true", "version":"1718384066563"}}
{"logTime": "0621/165453", "correlationVector":"LAd2uzffadVKwVrP2xy1zy.99","action":"GetUpdates", "result":"DeleteReceived", "context":{"id":"8371e267-1969-486d-9283-46ccb96049d7", "isDeleted:":"true", "version":"1718387163237"}}
{"logTime": "0621/165453", "correlationVector":"LAd2uzffadVKwVrP2xy1zy.100","action":"GetUpdates", "result":"DeleteReceived", "context":{"id":"b5c8c1f8-0201-4467-a7f2-f8f791443a7d", "isDeleted:":"true", "version":"1718388113747"}}
{"logTime": "0621/165453", "correlationVector":"LAd2uzffadVKwVrP2xy1zy.101","action":"GetUpdates", "result":"DeleteReceived", "context":{"id":"488dafad-dda4-456d-8504-ce96275f719d", "isDeleted:":"true", "version":"1718388113748"}}
{"logTime": "0621/165453", "correlationVector":"LAd2uzffadVKwVrP2xy1zy.102","action":"GetUpdates", "result":"DeleteReceived", "context":{"id":"7550111b-6dbf-4653-8974-c9d90a013b83", "isDeleted:":"true", "version":"1718388113749"}}
{"logTime": "0621/165453", "correlationVector":"LAd2uzffadVKwVrP2xy1zy.103","action":"GetUpdates", "result":"DeleteReceived", "context":{"id":"58765beb-5393-401a-8d2a-3a898c674af2", "isDeleted:":"true", "version":"1718390656378"}}
{"logTime": "0621/165453", "correlationVector":"LAd2uzffadVKwVrP2xy1zy.104","action":"GetUpdates", "result":"DeleteReceived", "context":{"id":"860f7db7-f0c3-4a30-8466-64a066464c10", "isDeleted:":"true", "version":"1718390656380"}}
{"logTime": "0621/165453", "correlationVector":"LAd2uzffadVKwVrP2xy1zy.105","action":"GetUpdates", "result":"DeleteReceived", "context":{"id":"fae521b4-c605-4ef7-bfab-a7d5520eb9b5", "isDeleted:":"true", "version":"1718390656382"}}
{"logTime": "0621/165453", "correlationVector":"LAd2uzffadVKwVrP2xy1zy.106","action":"GetUpdates", "result":"DeleteReceived", "context":{"id":"884662dc-c6d5-49c2-9ef3-978a02eafbce", "isDeleted:":"true", "version":"1718390700987"}}
{"logTime": "0621/165453", "correlationVector":"LAd2uzffadVKwVrP2xy1zy.107","action":"GetUpdates", "result":"DeleteReceived", "context":{"id":"49540392-4c74-4a06-8eeb-421e7a943c92", "isDeleted:":"true", "version":"1718390700988"}}
{"logTime": "0621/165453", "correlationVector":"LAd2uzffadVKwVrP2xy1zy.108","action":"GetUpdates", "result":"DeleteReceived", "context":{"id":"2b68168a-cc6b-44a5-a445-a2270826a02a", "isDeleted:":"true", "version":"1718390700989"}}
{"logTime": "0621/165453", "correlationVector":"LAd2uzffadVKwVrP2xy1zy.109","action":"GetUpdates", "result":"DeleteReceived", "context":{"id":"05945483-a85b-4847-b75b-8b3609388c53", "isDeleted:":"true", "version":"1718391449547"}}
{"logTime": "0621/165453", "correlationVector":"LAd2uzffadVKwVrP2xy1zy.110","action":"GetUpdates", "result":"DeleteReceived", "context":{"id":"11ee3b3c-4182-4cf0-91f4-8c90d67748c1", "isDeleted:":"true", "version":"1718391778948"}}
{"logTime": "0621/165453", "correlationVector":"LAd2uzffadVKwVrP2xy1zy.111","action":"GetUpdates", "result":"DeleteReceived", "context":{"id":"a3420199-13b2-47a6-882f-4787f0bffe86", "isDeleted:":"true", "version":"1718391778949"}}
{"logTime": "0621/165453", "correlationVector":"LAd2uzffadVKwVrP2xy1zy.112","action":"GetUpdates", "result":"DeleteReceived", "context":{"id":"e117d297-cb0b-49b6-aa53-f98272b93821", "isDeleted:":"true", "version":"1718391778950"}}
{"logTime": "0621/165453", "correlationVector":"LAd2uzffadVKwVrP2xy1zy.113","action":"GetUpdates", "result":"DeleteReceived", "context":{"id":"0d4ebe31-9d3f-405b-8e2e-4486a336ff2a", "isDeleted:":"true", "version":"1718391778951"}}
{"logTime": "0621/165453", "correlationVector":"LAd2uzffadVKwVrP2xy1zy.114","action":"GetUpdates", "result":"DeleteReceived", "context":{"id":"bac65f99-4530-43f5-b5b2-aaa24c42e2f1", "isDeleted:":"true", "version":"1718403259701"}}
{"logTime": "0621/165453", "correlationVector":"LAd2uzffadVKwVrP2xy1zy.115","action":"GetUpdates", "result":"DeleteReceived", "context":{"id":"347c8109-4c9e-436f-a12a-810a0b074bdf", "isDeleted:":"true", "version":"1718405417293"}}
{"logTime": "0621/165453", "correlationVector":"LAd2uzffadVKwVrP2xy1zy.116","action":"GetUpdates", "result":"DeleteReceived", "context":{"id":"6b53a561-e858-4992-876b-15c6a5ca66f7", "isDeleted:":"true", "version":"1718412126665"}}
{"logTime": "0621/165453", "correlationVector":"LAd2uzffadVKwVrP2xy1zy.117","action":"GetUpdates", "result":"DeleteReceived", "context":{"id":"0f4440ae-047d-4630-af14-bb98c8c08ed7", "isDeleted:":"true", "version":"1718412126666"}}
{"logTime": "0621/165453", "correlationVector":"LAd2uzffadVKwVrP2xy1zy.118","action":"GetUpdates", "result":"DeleteReceived", "context":{"id":"0ff92adc-d56f-443a-aa17-ccf9d1fb0209", "isDeleted:":"true", "version":"1718412126668"}}
{"logTime": "0621/165453", "correlationVector":"LAd2uzffadVKwVrP2xy1zy.119","action":"GetUpdates", "result":"DeleteReceived", "context":{"id":"df2e3d65-8aa7-46a6-bc6b-195f3571a9e8", "isDeleted:":"true", "version":"1718412126669"}}
{"logTime": "0621/165453", "correlationVector":"LAd2uzffadVKwVrP2xy1zy.120","action":"GetUpdates", "result":"DeleteReceived", "context":{"id":"23464972-01b0-4b68-9dbd-1e73da72fb73", "isDeleted:":"true", "version":"1718412126670"}}
{"logTime": "0621/165453", "correlationVector":"LAd2uzffadVKwVrP2xy1zy.121","action":"GetUpdates", "result":"DeleteReceived", "context":{"id":"5664ebdc-efaa-4646-ba7d-c5fd09066088", "isDeleted:":"true", "version":"1718412126671"}}
{"logTime": "0621/165453", "correlationVector":"LAd2uzffadVKwVrP2xy1zy.122","action":"GetUpdates", "result":"DeleteReceived", "context":{"id":"54d72f10-bc8e-406f-aa64-ca24ab8bb267", "isDeleted:":"true", "version":"1718414782691"}}
{"logTime": "0621/165453", "correlationVector":"LAd2uzffadVKwVrP2xy1zy.123","action":"GetUpdates", "result":"DeleteReceived", "context":{"id":"3421f46d-b292-4f40-abd0-346bb6e4edd1", "isDeleted:":"true", "version":"1718414782693"}}
{"logTime": "0621/165453", "correlationVector":"LAd2uzffadVKwVrP2xy1zy.124","action":"GetUpdates", "result":"DeleteReceived", "context":{"id":"1a2224fc-0d6e-4f8e-a5d2-675cd5e65c6e", "isDeleted:":"true", "version":"1718418299607"}}
{"logTime": "0621/165453", "correlationVector":"LAd2uzffadVKwVrP2xy1zy.125","action":"GetUpdates", "result":"DeleteReceived", "context":{"id":"67662379-ac8f-40bc-9021-c9d83ec6ce1e", "isDeleted:":"true", "version":"1718418339571"}}
{"logTime": "0621/165453", "correlationVector":"LAd2uzffadVKwVrP2xy1zy.126","action":"GetUpdates", "result":"DeleteReceived", "context":{"id":"bfa2c727-5c30-45d8-8177-58db7427c1bd", "isDeleted:":"true", "version":"1718494939977"}}
{"logTime": "0621/165453", "correlationVector":"LAd2uzffadVKwVrP2xy1zy.127","action":"GetUpdates", "result":"DeleteReceived", "context":{"id":"765eecfa-1b19-431f-8337-5e32c0f049b2", "isDeleted:":"true", "version":"1718494939978"}}
{"logTime": "0621/165453", "correlationVector":"LAd2uzffadVKwVrP2xy1zy.128","action":"GetUpdates", "result":"DeleteReceived", "context":{"id":"c757e520-5fb0-4b48-befc-10fc35b15710", "isDeleted:":"true", "version":"1718494939979"}}
{"logTime": "0621/165453", "correlationVector":"LAd2uzffadVKwVrP2xy1zy.129","action":"GetUpdates", "result":"DeleteReceived", "context":{"id":"f0ab377f-cd3e-4e8c-ae1a-60107737bdff", "isDeleted:":"true", "version":"1718494939981"}}
{"logTime": "0621/165453", "correlationVector":"LAd2uzffadVKwVrP2xy1zy.130","action":"GetUpdates", "result":"DeleteReceived", "context":{"id":"504398bc-1292-4ef6-b89d-db48b820c164", "isDeleted:":"true", "version":"1718494939983"}}
{"logTime": "0621/165453", "correlationVector":"LAd2uzffadVKwVrP2xy1zy.131","action":"GetUpdates", "result":"DeleteReceived", "context":{"id":"b78b5df9-980b-4510-a474-bce4b731c920", "isDeleted:":"true", "version":"1718495063254"}}
{"logTime": "0621/165453", "correlationVector":"LAd2uzffadVKwVrP2xy1zy.132","action":"GetUpdates", "result":"DeleteReceived", "context":{"id":"9034c96a-7922-43f2-82f6-531a75eb1a49", "isDeleted:":"true", "version":"1718497307425"}}
{"logTime": "0621/165453", "correlationVector":"LAd2uzffadVKwVrP2xy1zy.133","action":"GetUpdates", "result":"DeleteReceived", "context":{"id":"9c2408ed-7f59-4f0d-9f4e-be9d3cc1cea8", "isDeleted:":"true", "version":"1718497402403"}}
{"logTime": "0621/165453", "correlationVector":"LAd2uzffadVKwVrP2xy1zy.134","action":"GetUpdates", "result":"DeleteReceived", "context":{"id":"1555946e-a86e-45b6-8677-e1fb717e0216", "isDeleted:":"true", "version":"1718497469477"}}
{"logTime": "0621/165453", "correlationVector":"LAd2uzffadVKwVrP2xy1zy.135","action":"GetUpdates", "result":"DeleteReceived", "context":{"id":"c6edb119-9c45-4e83-8ad1-947453b76045", "isDeleted:":"true", "version":"1718497545355"}}
{"logTime": "0621/165453", "correlationVector":"LAd2uzffadVKwVrP2xy1zy.136","action":"GetUpdates", "result":"DeleteReceived", "context":{"id":"038cc572-18ff-4617-8ffb-b464698b2f66", "isDeleted:":"true", "version":"1718498509603"}}
{"logTime": "0621/165453", "correlationVector":"LAd2uzffadVKwVrP2xy1zy.137","action":"GetUpdates", "result":"DeleteReceived", "context":{"id":"9e886da6-581d-433b-9697-572493cf3ebe", "isDeleted:":"true", "version":"1718498509608"}}
{"logTime": "0621/165453", "correlationVector":"LAd2uzffadVKwVrP2xy1zy.138","action":"GetUpdates", "result":"DeleteReceived", "context":{"id":"ed72d9d3-9e11-4936-b4b4-65f697d05d9e", "isDeleted:":"true", "version":"1718498540328"}}
{"logTime": "0621/165453", "correlationVector":"LAd2uzffadVKwVrP2xy1zy.139","action":"GetUpdates", "result":"DeleteReceived", "context":{"id":"2f9c2077-caae-4eab-a385-7f55dfd2c1af", "isDeleted:":"true", "version":"1718498540329"}}
{"logTime": "0621/165453", "correlationVector":"LAd2uzffadVKwVrP2xy1zy.140","action":"GetUpdates", "result":"DeleteReceived", "context":{"id":"c75edad9-40ce-4989-ae89-52b107708600", "isDeleted:":"true", "version":"1718498540330"}}
{"logTime": "0621/165453", "correlationVector":"LAd2uzffadVKwVrP2xy1zy.141","action":"GetUpdates", "result":"DeleteReceived", "context":{"id":"fd249afa-cd54-4468-a580-d5ffc88584b5", "isDeleted:":"true", "version":"1718498540331"}}
{"logTime": "0621/165453", "correlationVector":"LAd2uzffadVKwVrP2xy1zy.142","action":"GetUpdates", "result":"DeleteReceived", "context":{"id":"81b9767e-af73-4622-b23f-0534ed2cf60b", "isDeleted:":"true", "version":"1718502433891"}}
{"logTime": "0621/165453", "correlationVector":"LAd2uzffadVKwVrP2xy1zy.143","action":"GetUpdates", "result":"DeleteReceived", "context":{"id":"38dd9597-8e46-49c9-815c-4d8d4704ff61", "isDeleted:":"true", "version":"1718581259572"}}
{"logTime": "0621/165453", "correlationVector":"LAd2uzffadVKwVrP2xy1zy.144","action":"GetUpdates", "result":"DeleteReceived", "context":{"id":"67f2cd83-a2d2-4219-b23b-8f6f6bea91d6", "isDeleted:":"true", "version":"1718581259574"}}
{"logTime": "0621/165453", "correlationVector":"LAd2uzffadVKwVrP2xy1zy.145","action":"GetUpdates", "result":"DeleteReceived", "context":{"id":"2ef9811f-6a26-452c-a356-f137c84d08b8", "isDeleted:":"true", "version":"1718650268000"}}
{"logTime": "0621/165453", "correlationVector":"LAd2uzffadVKwVrP2xy1zy.146","action":"GetUpdates", "result":"DeleteReceived", "context":{"id":"ee46f8c8-f705-46d2-9ce3-6260b7aa24c3", "isDeleted:":"true", "version":"1718650268001"}}
{"logTime": "0621/165453", "correlationVector":"LAd2uzffadVKwVrP2xy1zy.147","action":"GetUpdates", "result":"DeleteReceived", "context":{"id":"42907384-928c-4372-bd76-8539c047a11d", "isDeleted:":"true", "version":"1718650268003"}}
{"logTime": "0621/165453", "correlationVector":"LAd2uzffadVKwVrP2xy1zy.148","action":"GetUpdates", "result":"DeleteReceived", "context":{"id":"3cd6dfce-10c5-4354-9958-b87254de16cf", "isDeleted:":"true", "version":"1718652716085"}}
{"logTime": "0621/165453", "correlationVector":"LAd2uzffadVKwVrP2xy1zy.149","action":"GetUpdates", "result":"DeleteReceived", "context":{"id":"161f1f39-fad9-4a5d-b4e6-149528586f67", "isDeleted:":"true", "version":"1718652785801"}}
{"logTime": "0621/165453", "correlationVector":"LAd2uzffadVKwVrP2xy1zy.150","action":"GetUpdates", "result":"DeleteReceived", "context":{"id":"19262cdb-e82c-4115-b8f1-ad1a787f1eef", "isDeleted:":"true", "version":"1718653975988"}}
{"logTime": "0621/165453", "correlationVector":"LAd2uzffadVKwVrP2xy1zy.151","action":"GetUpdates", "result":"DeleteReceived", "context":{"id":"5112b06c-9356-48a1-8280-41737d8065b7", "isDeleted:":"true", "version":"1718654504449"}}
{"logTime": "0621/165453", "correlationVector":"LAd2uzffadVKwVrP2xy1zy.152","action":"GetUpdates", "result":"DeleteReceived", "context":{"id":"9926204b-2e47-4001-9df8-75464161beea", "isDeleted:":"true", "version":"1718654595064"}}
{"logTime": "0621/165453", "correlationVector":"LAd2uzffadVKwVrP2xy1zy.153","action":"GetUpdates", "result":"DeleteReceived", "context":{"id":"7f53a92f-7aeb-4fc3-981b-86fbc68c31c2", "isDeleted:":"true", "version":"1718655341828"}}
{"logTime": "0621/165453", "correlationVector":"LAd2uzffadVKwVrP2xy1zy.154","action":"GetUpdates", "result":"DeleteReceived", "context":{"id":"a2255012-4622-49f0-8b54-eb197c6a4eea", "isDeleted:":"true", "version":"1718655360356"}}
{"logTime": "0621/165453", "correlationVector":"LAd2uzffadVKwVrP2xy1zy.155","action":"GetUpdates", "result":"DeleteReceived", "context":{"id":"d459afc5-8753-4f36-8c3e-1b9764cfd0ff", "isDeleted:":"true", "version":"1718655614794"}}
{"logTime": "0621/165453", "correlationVector":"LAd2uzffadVKwVrP2xy1zy.156","action":"GetUpdates", "result":"DeleteReceived", "context":{"id":"b1b8d90e-6d32-464e-ba06-c2d8da1c07bc", "isDeleted:":"true", "version":"1718655614795"}}
{"logTime": "0621/165453", "correlationVector":"LAd2uzffadVKwVrP2xy1zy.158","action":"GetUpdates", "result":"DeleteReceived", "context":{"id":"7434cc63-95d4-4281-8bc4-41d88192803b", "isDeleted:":"true", "version":"1718655745659"}}
{"logTime": "0621/165453", "correlationVector":"LAd2uzffadVKwVrP2xy1zy.159","action":"GetUpdates", "result":"DeleteReceived", "context":{"id":"c6948bc3-4656-4c74-a1e5-5476e70eadab", "isDeleted:":"true", "version":"1718655757889"}}
{"logTime": "0621/165453", "correlationVector":"LAd2uzffadVKwVrP2xy1zy.160","action":"GetUpdates", "result":"DeleteReceived", "context":{"id":"3b939995-9ee8-47c3-87b5-1aa56ad11989", "isDeleted:":"true", "version":"1718657059303"}}
{"logTime": "0621/165453", "correlationVector":"LAd2uzffadVKwVrP2xy1zy.161","action":"GetUpdates", "result":"DeleteReceived", "context":{"id":"4d59ca0b-4d3d-40b6-81cc-2cb99b20519e", "isDeleted:":"true", "version":"1718657059304"}}
{"logTime": "0621/165453", "correlationVector":"LAd2uzffadVKwVrP2xy1zy.162","action":"GetUpdates", "result":"DeleteReceived", "context":{"id":"6b3221a0-cf44-4c52-bbce-85e8b196059d", "isDeleted:":"true", "version":"1718657368846"}}
{"logTime": "0621/165453", "correlationVector":"LAd2uzffadVKwVrP2xy1zy.163","action":"GetUpdates", "result":"DeleteReceived", "context":{"id":"f0077fb9-ea89-491f-b716-097c52bde874", "isDeleted:":"true", "version":"1718657368847"}}
{"logTime": "0621/165453", "correlationVector":"LAd2uzffadVKwVrP2xy1zy.164","action":"GetUpdates", "result":"DeleteReceived", "context":{"id":"6ed72712-9cd9-45bb-97d3-933ae01f56e6", "isDeleted:":"true", "version":"1718657368849"}}
{"logTime": "0621/165453", "correlationVector":"LAd2uzffadVKwVrP2xy1zy.165","action":"GetUpdates", "result":"DeleteReceived", "context":{"id":"0d608a0e-bc5e-4890-8ee7-f9937eddbf16", "isDeleted:":"true", "version":"1718657368850"}}
{"logTime": "0621/165453", "correlationVector":"LAd2uzffadVKwVrP2xy1zy.166","action":"GetUpdates", "result":"DeleteReceived", "context":{"id":"542dae6a-b91b-4686-9c73-9d599316e8c6", "isDeleted:":"true", "version":"1718657368851"}}
{"logTime": "0621/165453", "correlationVector":"LAd2uzffadVKwVrP2xy1zy.167","action":"GetUpdates", "result":"DeleteReceived", "context":{"id":"002034a7-2199-4e17-a09b-400530d0ce22", "isDeleted:":"true", "version":"1718657368852"}}
{"logTime": "0621/165453", "correlationVector":"LAd2uzffadVKwVrP2xy1zy.168","action":"GetUpdates", "result":"DeleteReceived", "context":{"id":"3fb5b206-fc6c-4b86-95ee-dfdcb1b4b2a5", "isDeleted:":"true", "version":"1718657368853"}}
{"logTime": "0621/165453", "correlationVector":"LAd2uzffadVKwVrP2xy1zy.169","action":"GetUpdates", "result":"DeleteReceived", "context":{"id":"1dbf3946-c141-4855-b89a-54c784d5b8d2", "isDeleted:":"true", "version":"1718663681261"}}
{"logTime": "0621/165453", "correlationVector":"LAd2uzffadVKwVrP2xy1zy.170","action":"GetUpdates", "result":"DeleteReceived", "context":{"id":"74c5a664-c798-4849-802f-d37f560b113e", "isDeleted:":"true", "version":"1718663681262"}}
{"logTime": "0621/165453", "correlationVector":"LAd2uzffadVKwVrP2xy1zy.171","action":"GetUpdates", "result":"DeleteReceived", "context":{"id":"70c15a69-6c1a-48f9-9e43-5efe1a4e7269", "isDeleted:":"true", "version":"1718663681263"}}
{"logTime": "0621/165453", "correlationVector":"LAd2uzffadVKwVrP2xy1zy.173","action":"GetUpdates", "result":"DeleteReceived", "context":{"id":"98800adb-23b7-435d-aca3-e0762dfa30ed", "isDeleted:":"true", "version":"1718663681266"}}
{"logTime": "0621/165453", "correlationVector":"LAd2uzffadVKwVrP2xy1zy.174","action":"GetUpdates", "result":"DeleteReceived", "context":{"id":"e0a5a9a9-70ef-40da-a3e9-6cbd8e582eb0", "isDeleted:":"true", "version":"1718664431653"}}
{"logTime": "0621/165453", "correlationVector":"LAd2uzffadVKwVrP2xy1zy.175","action":"GetUpdates", "result":"DeleteReceived", "context":{"id":"4061c3b0-19a2-475f-83f5-99440e975c92", "isDeleted:":"true", "version":"1718666961689"}}
{"logTime": "0621/165453", "correlationVector":"LAd2uzffadVKwVrP2xy1zy.176","action":"GetUpdates", "result":"DeleteReceived", "context":{"id":"0941737b-0d40-432b-b6e5-8c0437d3f0ad", "isDeleted:":"true", "version":"1718672602116"}}
{"logTime": "0621/165453", "correlationVector":"LAd2uzffadVKwVrP2xy1zy.177","action":"GetUpdates", "result":"DeleteReceived", "context":{"id":"639450ba-c6fd-4be2-8322-bf2f0daf3e8f", "isDeleted:":"true", "version":"1718672602117"}}
{"logTime": "0621/165453", "correlationVector":"LAd2uzffadVKwVrP2xy1zy.178","action":"GetUpdates Response", "result":"Success", "context":Received 250 update(s). cV=LAd2uzffadVKwVrP2xy1zy.0;server=GENERAL01000026;cloudType=Consumer;environment=Prod_EastUS2_000e;migrationStage=NotStarted Some updates remain.}
{"logTime": "0621/165453", "correlationVector":"36R+lVTXlkGbh1bXT0qSDY","action":"Normal GetUpdate request", "result":"", "context":cV=36R+lVTXlkGbh1bXT0qSDY
Nudged types: Sessions, Device Info
Refresh requested types: Bookmarks, Preferences, Passwords, Autofill Profiles, Autofill, Typed URLs, Extensions, Sessions, Extension settings, History Delete Directives, Device Info, User Consents, Send Tab To Self, Web Apps, Collection, Edge E Drop, Edge Hub App Usage, Edge Tab Group, Edge Wallet, Encryption Keys}
{"logTime": "0621/165453", "correlationVector":"36R+lVTXlkGbh1bXT0qSDY.1","action":"SyncServerConnectionManagerRequest", "result":"SYNC_SERVER_OK", "context":{"environment":"Prod_EastUS2_000e", "migrationStage":"NotStarted", "server":"GENERAL01000036"}}
{"logTime": "0621/165453", "correlationVector":"36R+lVTXlkGbh1bXT0qSDY.2","action":"GetUpdates", "result":"DeleteReceived", "context":{"id":"80285cbb-62df-4efd-b8c8-91af882e3710", "isDeleted:":"true", "version":"1718672602120"}}
{"logTime": "0621/165453", "correlationVector":"36R+lVTXlkGbh1bXT0qSDY.3","action":"GetUpdates", "result":"DeleteReceived", "context":{"id":"bbda2f87-f635-48a8-8b5b-87f761e61a5b", "isDeleted:":"true", "version":"1718672705849"}}
{"logTime": "0621/165453", "correlationVector":"36R+lVTXlkGbh1bXT0qSDY.4","action":"GetUpdates", "result":"DeleteReceived", "context":{"id":"57406063-b4ea-4307-b130-2df92f76a1a9", "isDeleted:":"true", "version":"1718672759744"}}
{"logTime": "0621/165453", "correlationVector":"36R+lVTXlkGbh1bXT0qSDY.5","action":"GetUpdates", "result":"DeleteReceived", "context":{"id":"bab4d9d0-012d-42af-9b3b-2d366d8c00cc", "isDeleted:":"true", "version":"1718672759745"}}
{"logTime": "0621/165453", "correlationVector":"36R+lVTXlkGbh1bXT0qSDY.6","action":"GetUpdates", "result":"DeleteReceived", "context":{"id":"41ac1a04-c38b-4337-8a63-970278292111", "isDeleted:":"true", "version":"1718672759748"}}
{"logTime": "0621/165453", "correlationVector":"36R+lVTXlkGbh1bXT0qSDY.7","action":"GetUpdates", "result":"DeleteReceived", "context":{"id":"17461147-eea2-425f-8be7-39f92f6dbf34", "isDeleted:":"true", "version":"1718672794882"}}
{"logTime": "0621/165453", "correlationVector":"36R+lVTXlkGbh1bXT0qSDY.9","action":"GetUpdates", "result":"DeleteReceived", "context":{"id":"30c53be4-39ed-46ea-bb20-de24e128d356", "isDeleted:":"true", "version":"1718672977865"}}
{"logTime": "0621/165453", "correlationVector":"36R+lVTXlkGbh1bXT0qSDY.10","action":"GetUpdates", "result":"DeleteReceived", "context":{"id":"c66d020e-b4f9-429d-b036-f5e19a01b036", "isDeleted:":"true", "version":"1718673048488"}}
{"logTime": "0621/165453", "correlationVector":"36R+lVTXlkGbh1bXT0qSDY.11","action":"GetUpdates", "result":"DeleteReceived", "context":{"id":"06b82c05-0db1-4540-abc6-608fe7efbbed", "isDeleted:":"true", "version":"1718673110513"}}
{"logTime": "0621/165453", "correlationVector":"36R+lVTXlkGbh1bXT0qSDY.13","action":"GetUpdates", "result":"DeleteReceived", "context":{"id":"f0d85f7b-b8f9-43da-8aa9-4a97d8917762", "isDeleted:":"true", "version":"1718678695722"}}
{"logTime": "0621/165453", "correlationVector":"36R+lVTXlkGbh1bXT0qSDY.14","action":"GetUpdates", "result":"DeleteReceived", "context":{"id":"6108447b-6d93-4773-a1ce-66fbf484daa1", "isDeleted:":"true", "version":"1718678695724"}}
{"logTime": "0621/165453", "correlationVector":"36R+lVTXlkGbh1bXT0qSDY.15","action":"GetUpdates", "result":"DeleteReceived", "context":{"id":"21cf0cc8-e3f8-4456-97dc-11ea8e322a2e", "isDeleted:":"true", "version":"1718721647561"}}
{"logTime": "0621/165453", "correlationVector":"36R+lVTXlkGbh1bXT0qSDY.16","action":"GetUpdates", "result":"DeleteReceived", "context":{"id":"c7c8bfe1-c56c-4fec-9da7-9dae8f4bd188", "isDeleted:":"true", "version":"1718724634873"}}
{"logTime": "0621/165453", "correlationVector":"36R+lVTXlkGbh1bXT0qSDY.17","action":"GetUpdates", "result":"DeleteReceived", "context":{"id":"ad66224b-32f9-4b4c-ab16-914ee8af31f2", "isDeleted:":"true", "version":"1718725766471"}}
{"logTime": "0621/165453", "correlationVector":"36R+lVTXlkGbh1bXT0qSDY.18","action":"GetUpdates", "result":"DeleteReceived", "context":{"id":"28f7f653-4084-4c74-a930-b32e41609b9d", "isDeleted:":"true", "version":"1718728356284"}}
{"logTime": "0621/165453", "correlationVector":"36R+lVTXlkGbh1bXT0qSDY.19","action":"GetUpdates", "result":"DeleteReceived", "context":{"id":"0dffb11a-f441-40bd-b973-741106f21427", "isDeleted:":"true", "version":"1718729118705"}}
{"logTime": "0621/165453", "correlationVector":"36R+lVTXlkGbh1bXT0qSDY.20","action":"GetUpdates", "result":"DeleteReceived", "context":{"id":"bab3652c-93d7-40b6-b87b-f87276e608d1", "isDeleted:":"true", "version":"1718729550004"}}
{"logTime": "0621/165453", "correlationVector":"36R+lVTXlkGbh1bXT0qSDY.21","action":"GetUpdates", "result":"DeleteReceived", "context":{"id":"a7b30476-5615-4b2c-83ef-e0e7c9affb3c", "isDeleted:":"true", "version":"1718729550005"}}
{"logTime": "0621/165453", "correlationVector":"36R+lVTXlkGbh1bXT0qSDY.22","action":"GetUpdates", "result":"DeleteReceived", "context":{"id":"d3941bc5-b1b1-4cbf-b40b-f4960c5ef905", "isDeleted:":"true", "version":"1718732903014"}}
{"logTime": "0621/165453", "correlationVector":"36R+lVTXlkGbh1bXT0qSDY.23","action":"GetUpdates", "result":"DeleteReceived", "context":{"id":"372df421-8679-445f-8539-9b41e008eae0", "isDeleted:":"true", "version":"1718732903015"}}
{"logTime": "0621/165453", "correlationVector":"36R+lVTXlkGbh1bXT0qSDY.24","action":"GetUpdates", "result":"DeleteReceived", "context":{"id":"d16d1902-71f0-4f29-894e-f0054241590b", "isDeleted:":"true", "version":"1718732969250"}}
{"logTime": "0621/165453", "correlationVector":"36R+lVTXlkGbh1bXT0qSDY.25","action":"GetUpdates", "result":"DeleteReceived", "context":{"id":"98801b3b-5dc7-4e58-aa34-cfc2f4e86473", "isDeleted:":"true", "version":"1718739182056"}}
{"logTime": "0621/165453", "correlationVector":"36R+lVTXlkGbh1bXT0qSDY.26","action":"GetUpdates", "result":"DeleteReceived", "context":{"id":"64ae3fa2-da84-4c18-bb8b-190d963e540b", "isDeleted:":"true", "version":"1718739182057"}}
{"logTime": "0621/165453", "correlationVector":"36R+lVTXlkGbh1bXT0qSDY.27","action":"GetUpdates", "result":"DeleteReceived", "context":{"id":"e52ff2b4-7ce6-40d1-9eef-3ed58e0c9a08", "isDeleted:":"true", "version":"1718739182058"}}
{"logTime": "0621/165453", "correlationVector":"36R+lVTXlkGbh1bXT0qSDY.28","action":"GetUpdates", "result":"DeleteReceived", "context":{"id":"90d95694-35db-44d1-abcd-3e8f8a31282d", "isDeleted:":"true", "version":"1718739182059"}}
{"logTime": "0621/165453", "correlationVector":"36R+lVTXlkGbh1bXT0qSDY.29","action":"GetUpdates", "result":"DeleteReceived", "context":{"id":"4d89d32f-e470-4d58-a724-85f2020a95df", "isDeleted:":"true", "version":"1718739182060"}}
{"logTime": "0621/165453", "correlationVector":"36R+lVTXlkGbh1bXT0qSDY.30","action":"GetUpdates", "result":"DeleteReceived", "context":{"id":"8c088aec-d363-413e-8d86-857c5c3b400b", "isDeleted:":"true", "version":"1718739182061"}}
{"logTime": "0621/165453", "correlationVector":"36R+lVTXlkGbh1bXT0qSDY.31","action":"GetUpdates", "result":"DeleteReceived", "context":{"id":"31673ec9-fcf6-4efb-9b53-06395fe03374", "isDeleted:":"true", "version":"1718739182063"}}
{"logTime": "0621/165453", "correlationVector":"36R+lVTXlkGbh1bXT0qSDY.32","action":"GetUpdates", "result":"DeleteReceived", "context":{"id":"93864aa3-fbbe-4d2c-ad9c-8322293f71a4", "isDeleted:":"true", "version":"1718740338204"}}
{"logTime": "0621/165453", "correlationVector":"36R+lVTXlkGbh1bXT0qSDY.33","action":"GetUpdates", "result":"DeleteReceived", "context":{"id":"961d14f5-ef8e-43aa-9974-d7b081d969fa", "isDeleted:":"true", "version":"1718740681491"}}
{"logTime": "0621/165453", "correlationVector":"36R+lVTXlkGbh1bXT0qSDY.34","action":"GetUpdates", "result":"DeleteReceived", "context":{"id":"6141a280-95a3-40e1-8261-7b394cd8347c", "isDeleted:":"true", "version":"1718741221591"}}
{"logTime": "0621/165453", "correlationVector":"36R+lVTXlkGbh1bXT0qSDY.35","action":"GetUpdates", "result":"DeleteReceived", "context":{"id":"d73fed2a-e9eb-4c2d-bd11-4b230ebd48f3", "isDeleted:":"true", "version":"1718741221592"}}
{"logTime": "0621/165453", "correlationVector":"36R+lVTXlkGbh1bXT0qSDY.36","action":"GetUpdates", "result":"DeleteReceived", "context":{"id":"f3e7ae26-da32-49c6-8ff7-eaeb817d1e97", "isDeleted:":"true", "version":"1718741413905"}}
{"logTime": "0621/165453", "correlationVector":"36R+lVTXlkGbh1bXT0qSDY.37","action":"GetUpdates", "result":"DeleteReceived", "context":{"id":"db5761fd-b874-4faf-8877-9997fe6d8343", "isDeleted:":"true", "version":"1718741493905"}}
{"logTime": "0621/165453", "correlationVector":"36R+lVTXlkGbh1bXT0qSDY.38","action":"GetUpdates", "result":"DeleteReceived", "context":{"id":"faa6ef6f-ba2f-4aa2-b38d-85115530dbeb", "isDeleted:":"true", "version":"1718746391548"}}
{"logTime": "0621/165453", "correlationVector":"36R+lVTXlkGbh1bXT0qSDY.39","action":"GetUpdates", "result":"DeleteReceived", "context":{"id":"d2ed03a7-622c-45bc-88e2-030713dc5447", "isDeleted:":"true", "version":"1718746391550"}}
{"logTime": "0621/165453", "correlationVector":"36R+lVTXlkGbh1bXT0qSDY.40","action":"GetUpdates", "result":"DeleteReceived", "context":{"id":"25ae6c75-b9b5-4c5c-a182-be0bfd8746f7", "isDeleted:":"true", "version":"1718746391551"}}
{"logTime": "0621/165453", "correlationVector":"36R+lVTXlkGbh1bXT0qSDY.41","action":"GetUpdates", "result":"DeleteReceived", "context":{"id":"3ec69077-e20f-4883-bd39-9f80235304da", "isDeleted:":"true", "version":"1718746391552"}}
{"logTime": "0621/165453", "correlationVector":"36R+lVTXlkGbh1bXT0qSDY.42","action":"GetUpdates", "result":"DeleteReceived", "context":{"id":"e1938d78-2ba9-4fc8-ace6-17ee2ac16efd", "isDeleted:":"true", "version":"1718746391554"}}
{"logTime": "0621/165453", "correlationVector":"36R+lVTXlkGbh1bXT0qSDY.43","action":"GetUpdates", "result":"DeleteReceived", "context":{"id":"b57656a5-9d79-4a95-9e8c-208e884debe8", "isDeleted:":"true", "version":"1718746419861"}}
{"logTime": "0621/165453", "correlationVector":"36R+lVTXlkGbh1bXT0qSDY.44","action":"GetUpdates", "result":"DeleteReceived", "context":{"id":"a8738720-94eb-4468-b9a5-aa783eadc789", "isDeleted:":"true", "version":"1718746689929"}}
{"logTime": "0621/165453", "correlationVector":"36R+lVTXlkGbh1bXT0qSDY.45","action":"GetUpdates", "result":"DeleteReceived", "context":{"id":"ce32dafa-71d9-4f54-b792-aa5910a3e286", "isDeleted:":"true", "version":"1718746689930"}}
{"logTime": "0621/165453", "correlationVector":"36R+lVTXlkGbh1bXT0qSDY.46","action":"GetUpdates", "result":"DeleteReceived", "context":{"id":"c8b1e6da-c763-4c90-b1af-e21338ba4735", "isDeleted:":"true", "version":"1718746689931"}}
{"logTime": "0621/165453", "correlationVector":"36R+lVTXlkGbh1bXT0qSDY.47","action":"GetUpdates", "result":"DeleteReceived", "context":{"id":"cd2cdf46-ead9-40f3-8512-1c38c176f1a9", "isDeleted:":"true", "version":"1718746689932"}}
{"logTime": "0621/165453", "correlationVector":"36R+lVTXlkGbh1bXT0qSDY.48","action":"GetUpdates", "result":"DeleteReceived", "context":{"id":"d8ca25db-0b90-48db-a469-bdac99fee444", "isDeleted:":"true", "version":"1718746689935"}}
{"logTime": "0621/165453", "correlationVector":"36R+lVTXlkGbh1bXT0qSDY.49","action":"GetUpdates", "result":"DeleteReceived", "context":{"id":"59519eed-1d97-4a1d-b394-64c3f1a0a63d", "isDeleted:":"true", "version":"1718829289533"}}
{"logTime": "0621/165453", "correlationVector":"36R+lVTXlkGbh1bXT0qSDY.50","action":"GetUpdates", "result":"DeleteReceived", "context":{"id":"2402ae3c-f0d3-452c-abe4-2cfc24342db3", "isDeleted:":"true", "version":"1718829289534"}}
{"logTime": "0621/165453", "correlationVector":"36R+lVTXlkGbh1bXT0qSDY.51","action":"GetUpdates", "result":"DeleteReceived", "context":{"id":"0b0a007c-23ce-4cc3-920e-dc8b80f3f744", "isDeleted:":"true", "version":"1718829289535"}}
{"logTime": "0621/165453", "correlationVector":"36R+lVTXlkGbh1bXT0qSDY.52","action":"GetUpdates", "result":"DeleteReceived", "context":{"id":"94a51f3d-1483-4d0f-a680-60d3ce16d827", "isDeleted:":"true", "version":"1718913235725"}}
{"logTime": "0621/165453", "correlationVector":"36R+lVTXlkGbh1bXT0qSDY.54","action":"GetUpdates", "result":"DeleteReceived", "context":{"id":"c253047b-6698-4d74-bb25-c2c8f639fbd0", "isDeleted:":"true", "version":"1718913235727"}}
{"logTime": "0621/165453", "correlationVector":"36R+lVTXlkGbh1bXT0qSDY.55","action":"GetUpdates", "result":"DeleteReceived", "context":{"id":"1d14e975-40a2-41b3-865d-e5864da07730", "isDeleted:":"true", "version":"1718913235729"}}
{"logTime": "0621/165453", "correlationVector":"36R+lVTXlkGbh1bXT0qSDY.56","action":"GetUpdates", "result":"DeleteReceived", "context":{"id":"1215cf74-b0ab-452e-91f6-afe4923efeb5", "isDeleted:":"true", "version":"1718915101216"}}
{"logTime": "0621/165453", "correlationVector":"36R+lVTXlkGbh1bXT0qSDY.57","action":"GetUpdates", "result":"DeleteReceived", "context":{"id":"c2958e24-6a15-475e-83c3-c4d85f43c91f", "isDeleted:":"true", "version":"1718933642077"}}
{"logTime": "0621/165453", "correlationVector":"36R+lVTXlkGbh1bXT0qSDY.58","action":"GetUpdates", "result":"DeleteReceived", "context":{"id":"fe1f9019-0555-4aa9-bb85-f7d4981db487", "isDeleted:":"true", "version":"1718933649092"}}
{"logTime": "0621/165453", "correlationVector":"36R+lVTXlkGbh1bXT0qSDY.59","action":"GetUpdates", "result":"DeleteReceived", "context":{"id":"729be0b2-313a-405c-9861-778a9ea7a1c3", "isDeleted:":"true", "version":"1718933649093"}}
{"logTime": "0621/165453", "correlationVector":"36R+lVTXlkGbh1bXT0qSDY.60","action":"GetUpdates", "result":"DeleteReceived", "context":{"id":"251c1238-4247-4bab-a0dc-442a1ecc750b", "isDeleted:":"true", "version":"1718933649993"}}
{"logTime": "0621/165453", "correlationVector":"36R+lVTXlkGbh1bXT0qSDY.61","action":"GetUpdates", "result":"DeleteReceived", "context":{"id":"09568a79-7141-4c8d-a436-0c653fe36ff5", "isDeleted:":"true", "version":"1718933649995"}}
{"logTime": "0621/165453", "correlationVector":"36R+lVTXlkGbh1bXT0qSDY.62","action":"GetUpdates", "result":"DeleteReceived", "context":{"id":"28a1d153-428d-4c30-8c5d-97a6034f8441", "isDeleted:":"true", "version":"1718970184600"}}
{"logTime": "0621/165453", "correlationVector":"36R+lVTXlkGbh1bXT0qSDY.63","action":"GetUpdates", "result":"DeleteReceived", "context":{"id":"5052aacc-e2a9-4996-aefa-6bfe42172680", "isDeleted:":"true", "version":"1718970184603"}}
{"logTime": "0621/165453", "correlationVector":"36R+lVTXlkGbh1bXT0qSDY.64","action":"GetUpdates Response", "result":"Success", "context":Received 83 update(s). cV=36R+lVTXlkGbh1bXT0qSDY.0;server=GENERAL01000036;cloudType=Consumer;environment=Prod_EastUS2_000e;migrationStage=NotStarted}
{"logTime": "0621/165453", "correlationVector":"QQF5Wsuzu2cCn/FuEh+QzA","action":"Poll GetUpdate request", "result":"", "context":cV=QQF5Wsuzu2cCn/FuEh+QzA}
{"logTime": "0621/165453", "correlationVector":"QQF5Wsuzu2cCn/FuEh+QzA.1","action":"SyncServerConnectionManagerRequest", "result":"SYNC_SERVER_OK", "context":{"environment":"Prod_EastUS2_000e", "migrationStage":"NotStarted", "server":"GENERAL01000029"}}
{"logTime": "0621/165453", "correlationVector":"QQF5Wsuzu2cCn/FuEh+QzA.2","action":"GetUpdates Response", "result":"Success", "context":Received 0 update(s). cV=QQF5Wsuzu2cCn/FuEh+QzA.0;server=GENERAL01000029;cloudType=Consumer;environment=Prod_EastUS2_000e;migrationStage=NotStarted}
{"logTime": "0621/165453", "correlationVector":"V1rfVDQ09xVz+NgCcOTSNs","action":"Normal GetUpdate request", "result":"", "context":cV=V1rfVDQ09xVz+NgCcOTSNs
Nudged types: Preferences, Passwords}
{"logTime": "0621/165453", "correlationVector":"V1rfVDQ09xVz+NgCcOTSNs.1","action":"SyncServerConnectionManagerRequest", "result":"SYNC_SERVER_OK", "context":{"environment":"Prod_EastUS2_000e", "migrationStage":"NotStarted", "server":"GENERAL01000034"}}
{"logTime": "0621/165453", "correlationVector":"V1rfVDQ09xVz+NgCcOTSNs.2","action":"GetUpdates Response", "result":"Success", "context":Received 0 update(s). cV=V1rfVDQ09xVz+NgCcOTSNs.0;server=GENERAL01000034;cloudType=Consumer;environment=Prod_EastUS2_000e;migrationStage=NotStarted}
{"logTime": "0621/165453", "correlationVector":"X2w+IizaEhqsabJFLCsXLi","action":"Commit Request", "result":"", "context":Item count: 11
Contributing types: Preferences, Passwords}
{"logTime": "0621/165453", "correlationVector":"X2w+IizaEhqsabJFLCsXLi.1","action":"SyncServerConnectionManagerRequest", "result":"SYNC_SERVER_OK", "context":{"environment":"Prod_EastUS2_000e", "migrationStage":"NotStarted", "server":"GENERAL01000027"}}
{"logTime": "0621/165453", "correlationVector":"X2w+IizaEhqsabJFLCsXLi.2","action":"Commit Response", "result":"Success", "context":Result: Success. cV=X2w+IizaEhqsabJFLCsXLi.0;server=GENERAL01000027;cloudType=Consumer;environment=Prod_EastUS2_000e;migrationStage=NotStarted}
{"logTime": "0621/165453", "correlationVector":"CGxxG05UPBiwtp5/PtNoJ9.1","action":"SyncServerConnectionManagerRequest", "result":"SYNC_SERVER_OK", "context":{"environment":"Prod_EastUS2_000e", "migrationStage":"NotStarted", "server":"GENERAL0100001N"}}
{"logTime": "0621/165453", "correlationVector":"CGxxG05UPBiwtp5/PtNoJ9.2","action":"Commit Response", "result":"Success", "context":Result: Success. cV=CGxxG05UPBiwtp5/PtNoJ9.0;server=GENERAL0100001N;cloudType=Consumer;environment=Prod_EastUS2_000e;migrationStage=NotStarted}
{"logTime": "0621/165601", "correlationVector":"LSZyLqPn37jPluV0YdKvV0","action":"Commit Request", "result":"", "context":Item count: 1
Contributing types: Sessions}
{"logTime": "0621/165601", "correlationVector":"LSZyLqPn37jPluV0YdKvV0.1","action":"SyncServerConnectionManagerRequest", "result":"SYNC_SERVER_OK", "context":{"environment":"Prod_EastUS2_000e", "migrationStage":"NotStarted", "server":"GENERAL0100001Y"}}
{"logTime": "0621/165601", "correlationVector":"LSZyLqPn37jPluV0YdKvV0.2","action":"Commit Response", "result":"Success", "context":Result: Success. cV=LSZyLqPn37jPluV0YdKvV0.0;server=GENERAL0100001Y;cloudType=Consumer;environment=Prod_EastUS2_000e;migrationStage=NotStarted}
{"logTime": "0621/165633", "correlationVector":"RmNmMEekJKYUMlcYmBWgVj","action":"Commit Request", "result":"", "context":Item count: 1
Contributing types: Sessions}
{"logTime": "0621/165633", "correlationVector":"RmNmMEekJKYUMlcYmBWgVj.1","action":"SyncServerConnectionManagerRequest", "result":"SYNC_SERVER_OK", "context":{"environment":"Prod_EastUS2_000e", "migrationStage":"NotStarted", "server":"GENERAL0100001M"}}
{"logTime": "0621/165633", "correlationVector":"RmNmMEekJKYUMlcYmBWgVj.2","action":"Commit Response", "result":"Success", "context":Result: Success. cV=RmNmMEekJKYUMlcYmBWgVj.0;server=GENERAL0100001M;cloudType=Consumer;environment=Prod_EastUS2_000e;migrationStage=NotStarted}
{"logTime": "0621/165943", "correlationVector":"aYtIjxRsfgMwzcTHTIhC9A","action":"Normal GetUpdate request", "result":"", "context":cV=aYtIjxRsfgMwzcTHTIhC9A
Refresh requested types: Bookmarks, Preferences, Passwords, Autofill Profiles, Autofill, Typed URLs, Extensions, Sessions, Extension settings, History Delete Directives, Device Info, User Consents, Send Tab To Self, Web Apps, Collection, Edge E Drop, Edge Hub App Usage, Edge Tab Group, Edge Wallet, Encryption Keys}
{"logTime": "0621/165944", "correlationVector":"aYtIjxRsfgMwzcTHTIhC9A.1","action":"SyncServerConnectionManagerRequest", "result":"SYNC_SERVER_OK", "context":{"environment":"Prod_EastUS_000w", "migrationStage":"NotStarted", "server":"GENERAL11000002"}}
{"logTime": "0621/165944", "correlationVector":"aYtIjxRsfgMwzcTHTIhC9A.2","action":"GetUpdates Response", "result":"Success", "context":Received 15 update(s). cV=aYtIjxRsfgMwzcTHTIhC9A.0;server=GENERAL11000002;cloudType=Consumer;environment=Prod_EastUS_000w;migrationStage=NotStarted}
{"logTime": "0621/170123", "correlationVector":"DLsr5K5S6BNJphiBKoB/lK","action":"Normal GetUpdate request", "result":"", "context":cV=DLsr5K5S6BNJphiBKoB/lK
Notified types: Preferences, Typed URLs}
{"logTime": "0621/170123", "correlationVector":"DLsr5K5S6BNJphiBKoB/lK.1","action":"SyncServerConnectionManagerRequest", "result":"SYNC_SERVER_OK", "context":{"environment":"Prod_EastUS_000w", "migrationStage":"NotStarted", "server":"GENERAL11000005"}}
{"logTime": "0621/170123", "correlationVector":"DLsr5K5S6BNJphiBKoB/lK.2","action":"GetUpdates", "result":"DeleteReceived", "context":{"id":"80425275-cc89-4f42-8c8c-8bf8561c2063", "isDeleted:":"true", "version":"1718989284722"}}
{"logTime": "0621/170123", "correlationVector":"DLsr5K5S6BNJphiBKoB/lK.3","action":"GetUpdates", "result":"DeleteReceived", "context":{"id":"41420863-b394-4c47-98ba-97ba5fe92e04", "isDeleted:":"true", "version":"1718989284723"}}
{"logTime": "0621/170123", "correlationVector":"DLsr5K5S6BNJphiBKoB/lK.4","action":"GetUpdates", "result":"DeleteReceived", "context":{"id":"f36aecd3-b39a-4f6c-a68f-1d1738d56f46", "isDeleted:":"true", "version":"1718989284726"}}
{"logTime": "0621/170123", "correlationVector":"DLsr5K5S6BNJphiBKoB/lK.5","action":"GetUpdates Response", "result":"Success", "context":Received 7 update(s). cV=DLsr5K5S6BNJphiBKoB/lK.0;server=GENERAL11000005;cloudType=Consumer;environment=Prod_EastUS_000w;migrationStage=NotStarted}
{"logTime": "0621/170125", "correlationVector":"JMHcroP/zGH4eIabVW9gnV","action":"Normal GetUpdate request", "result":"", "context":cV=JMHcroP/zGH4eIabVW9gnV
Notified types: Typed URLs}
{"logTime": "0621/170126", "correlationVector":"JMHcroP/zGH4eIabVW9gnV.1","action":"SyncServerConnectionManagerRequest", "result":"SYNC_SERVER_OK", "context":{"environment":"Prod_EastUS2_000e", "migrationStage":"NotStarted", "server":"GENERAL0100000T"}}
{"logTime": "0621/170126", "correlationVector":"JMHcroP/zGH4eIabVW9gnV.2","action":"GetUpdates Response", "result":"Success", "context":Received 2 update(s). cV=JMHcroP/zGH4eIabVW9gnV.0;server=GENERAL0100000T;cloudType=Consumer;environment=Prod_EastUS2_000e;migrationStage=NotStarted}
{"logTime": "0621/170130", "correlationVector":"xCb9WC+66ezjq+UiTTOXhz","action":"Normal GetUpdate request", "result":"", "context":cV=xCb9WC+66ezjq+UiTTOXhz
Notified types: Preferences}
{"logTime": "0621/170130", "correlationVector":"xCb9WC+66ezjq+UiTTOXhz.1","action":"SyncServerConnectionManagerRequest", "result":"SYNC_SERVER_OK", "context":{"environment":"Prod_EastUS_000w", "migrationStage":"NotStarted", "server":"GENERAL1100002U"}}
{"logTime": "0621/170130", "correlationVector":"xCb9WC+66ezjq+UiTTOXhz.2","action":"GetUpdates Response", "result":"Success", "context":Received 2 update(s). cV=xCb9WC+66ezjq+UiTTOXhz.0;server=GENERAL1100002U;cloudType=Consumer;environment=Prod_EastUS_000w;migrationStage=NotStarted}
{"logTime": "0621/182356", "correlationVector":"I+7zsIKAAGyFsiuqxN5vBp","action":"Normal GetUpdate request", "result":"", "context":cV=I+7zsIKAAGyFsiuqxN5vBp
Notified types: Preferences}
{"logTime": "0621/182356", "correlationVector":"I+7zsIKAAGyFsiuqxN5vBp.1","action":"SyncServerConnectionManagerRequest", "result":"SYNC_SERVER_OK", "context":{"environment":"Prod_EastUS2_000e", "migrationStage":"NotStarted", "server":"GENERAL0100002R"}}
{"logTime": "0621/182356", "correlationVector":"I+7zsIKAAGyFsiuqxN5vBp.2","action":"GetUpdates Response", "result":"Success", "context":Received 2 update(s). cV=I+7zsIKAAGyFsiuqxN5vBp.0;server=GENERAL0100002R;cloudType=Consumer;environment=Prod_EastUS2_000e;migrationStage=NotStarted}
{"logTime": "0621/183353", "correlationVector":"I5HpMWPuaFrI/dz8TBT9UO","action":"Normal GetUpdate request", "result":"", "context":cV=I5HpMWPuaFrI/dz8TBT9UO
Notified types: Autofill Profiles}
{"logTime": "0621/183353", "correlationVector":"I5HpMWPuaFrI/dz8TBT9UO.1","action":"SyncServerConnectionManagerRequest", "result":"SYNC_SERVER_OK", "context":{"environment":"Prod_EastUS2_000e", "migrationStage":"NotStarted", "server":"GENERAL0100001Y"}}
{"logTime": "0621/183353", "correlationVector":"I5HpMWPuaFrI/dz8TBT9UO.2","action":"GetUpdates", "result":"DeleteReceived", "context":{"id":"5bd20d99-163f-45fe-8fae-b1e96eafbcaf", "isDeleted:":"true", "version":"1718994376728"}}
{"logTime": "0621/183353", "correlationVector":"I5HpMWPuaFrI/dz8TBT9UO.3","action":"GetUpdates Response", "result":"Success", "context":Received 6 update(s). cV=I5HpMWPuaFrI/dz8TBT9UO.0;server=GENERAL0100001Y;cloudType=Consumer;environment=Prod_EastUS2_000e;migrationStage=NotStarted}
{"logTime": "0621/183401", "correlationVector":"aMpPPAZPOB1x8pRRQ06Mqe","action":"Normal GetUpdate request", "result":"", "context":cV=aMpPPAZPOB1x8pRRQ06Mqe
Notified types: Autofill}
{"logTime": "0621/183402", "correlationVector":"aMpPPAZPOB1x8pRRQ06Mqe.1","action":"SyncServerConnectionManagerRequest", "result":"SYNC_SERVER_OK", "context":{"environment":"Prod_EastUS2_000e", "migrationStage":"NotStarted", "server":"GENERAL0100002F"}}
{"logTime": "0621/183402", "correlationVector":"aMpPPAZPOB1x8pRRQ06Mqe.2","action":"GetUpdates Response", "result":"Success", "context":Received 2 update(s). cV=aMpPPAZPOB1x8pRRQ06Mqe.0;server=GENERAL0100002F;cloudType=Consumer;environment=Prod_EastUS2_000e;migrationStage=NotStarted}
{"logTime": "0621/183457", "correlationVector":"6wrn1I0XeNHVsCV6HyDN1E","action":"Normal GetUpdate request", "result":"", "context":cV=6wrn1I0XeNHVsCV6HyDN1E
Notified types: Autofill}
{"logTime": "0621/183457", "correlationVector":"6wrn1I0XeNHVsCV6HyDN1E.1","action":"SyncServerConnectionManagerRequest", "result":"SYNC_SERVER_OK", "context":{"environment":"Prod_EastUS2_000e", "migrationStage":"NotStarted", "server":"GENERAL0100002K"}}
{"logTime": "0621/183457", "correlationVector":"6wrn1I0XeNHVsCV6HyDN1E.2","action":"GetUpdates Response", "result":"Success", "context":Received 2 update(s). cV=6wrn1I0XeNHVsCV6HyDN1E.0;server=GENERAL0100002K;cloudType=Consumer;environment=Prod_EastUS2_000e;migrationStage=NotStarted}
{"logTime": "0621/184124", "correlationVector":"s+g7552AGtGpI4HCFInhA4","action":"Normal GetUpdate request", "result":"", "context":cV=s+g7552AGtGpI4HCFInhA4
Notified types: Autofill}
{"logTime": "0621/184124", "correlationVector":"s+g7552AGtGpI4HCFInhA4.1","action":"SyncServerConnectionManagerRequest", "result":"SYNC_SERVER_OK", "context":{"environment":"Prod_EastUS2_000e", "migrationStage":"NotStarted", "server":"GENERAL0100002N"}}
{"logTime": "0621/184124", "correlationVector":"s+g7552AGtGpI4HCFInhA4.2","action":"GetUpdates Response", "result":"Success", "context":Received 8 update(s). cV=s+g7552AGtGpI4HCFInhA4.0;server=GENERAL0100002N;cloudType=Consumer;environment=Prod_EastUS2_000e;migrationStage=NotStarted}
{"logTime": "0621/184315", "correlationVector":"EF5TrFFiwAIocFTYmjLCli","action":"Normal GetUpdate request", "result":"", "context":cV=EF5TrFFiwAIocFTYmjLCli
Notified types: Autofill}
{"logTime": "0621/184315", "correlationVector":"EF5TrFFiwAIocFTYmjLCli.1","action":"SyncServerConnectionManagerRequest", "result":"SYNC_SERVER_OK", "context":{"environment":"Prod_EastUS2_000e", "migrationStage":"NotStarted", "server":"GENERAL0100001U"}}
{"logTime": "0621/184315", "correlationVector":"EF5TrFFiwAIocFTYmjLCli.2","action":"GetUpdates Response", "result":"Success", "context":Received 4 update(s). cV=EF5TrFFiwAIocFTYmjLCli.0;server=GENERAL0100001U;cloudType=Consumer;environment=Prod_EastUS2_000e;migrationStage=NotStarted}
{"logTime": "0621/195515", "correlationVector":"HSgDICispQr72k463x4tCY","action":"Commit Request", "result":"", "context":Item count: 1
Contributing types: Sessions}
{"logTime": "0621/195515", "correlationVector":"HSgDICispQr72k463x4tCY.1","action":"SyncServerConnectionManagerRequest", "result":"SYNC_AUTH_ERROR", "context":{"environment":"Prod_EastUS_000w", "migrationStage":"NotStarted", "server":"GENERAL1100000P"}}
{"logTime": "0621/195515", "correlationVector":"HSgDICispQr72k463x4tCY.2","action":"Commit Response", "result":"HTTP error (401)", "context":Result: HTTP error (401). cV=HSgDICispQr72k463x4tCY.0;server=GENERAL1100000P;cloudType=Undetermined;environment=Prod_EastUS_000w;migrationStage=NotStarted}
{"logTime": "0621/195516", "correlationVector":"v/AfF5bCe0DJEmKxukwETG","action":"Commit Request", "result":"", "context":Item count: 1
Contributing types: Sessions}
{"logTime": "0621/195517", "correlationVector":"v/AfF5bCe0DJEmKxukwETG.1","action":"SyncServerConnectionManagerRequest", "result":"SYNC_SERVER_OK", "context":{"environment":"Prod_EastUS_000w", "migrationStage":"NotStarted", "server":"GENERAL0200000K"}}
{"logTime": "0621/195517", "correlationVector":"v/AfF5bCe0DJEmKxukwETG.2","action":"Commit Response", "result":"Success", "context":Result: Success. cV=v/AfF5bCe0DJEmKxukwETG.0;server=GENERAL0200000K;cloudType=Consumer;environment=Prod_EastUS_000w;migrationStage=NotStarted}
{"logTime": "0621/195530", "correlationVector":"oFyOiLRzyo8YEMN/cjPjyR","action":"Normal GetUpdate request", "result":"", "context":cV=oFyOiLRzyo8YEMN/cjPjyR
Notified types: Preferences}
{"logTime": "0621/195531", "correlationVector":"oFyOiLRzyo8YEMN/cjPjyR.1","action":"SyncServerConnectionManagerRequest", "result":"SYNC_SERVER_OK", "context":{"environment":"Prod_EastUS_000w", "migrationStage":"NotStarted", "server":"GENERAL1100003B"}}
{"logTime": "0621/195531", "correlationVector":"oFyOiLRzyo8YEMN/cjPjyR.2","action":"GetUpdates", "result":"DeleteReceived", "context":{"id":"81124522-dd61-4d46-9d01-2daa33eb5247", "isDeleted:":"true", "version":"1718995464933"}}
{"logTime": "0621/195531", "correlationVector":"oFyOiLRzyo8YEMN/cjPjyR.3","action":"GetUpdates", "result":"DeleteReceived", "context":{"id":"e7e6393c-fa64-49e3-bab1-47ea0ef1ab9a", "isDeleted:":"true", "version":"1718998621277"}}
{"logTime": "0621/195531", "correlationVector":"oFyOiLRzyo8YEMN/cjPjyR.4","action":"GetUpdates", "result":"DeleteReceived", "context":{"id":"dee4a3d7-2f6a-4e47-8e3c-43a377855a6c", "isDeleted:":"true", "version":"1718999730123"}}
{"logTime": "0621/195531", "correlationVector":"oFyOiLRzyo8YEMN/cjPjyR.5","action":"GetUpdates Response", "result":"Success", "context":Received 10 update(s). cV=oFyOiLRzyo8YEMN/cjPjyR.0;server=GENERAL1100003B;cloudType=Consumer;environment=Prod_EastUS_000w;migrationStage=NotStarted}
{"logTime": "0621/195720", "correlationVector":"/L3UhBMqps8b/YueJSinjd","action":"Commit Request", "result":"", "context":Item count: 1
Contributing types: Sessions}
{"logTime": "0621/195720", "correlationVector":"/L3UhBMqps8b/YueJSinjd.1","action":"SyncServerConnectionManagerRequest", "result":"SYNC_SERVER_OK", "context":{"environment":"Prod_EastUS_000w", "migrationStage":"NotStarted", "server":"GENERAL1100000N"}}
{"logTime": "0621/195720", "correlationVector":"/L3UhBMqps8b/YueJSinjd.2","action":"Commit Response", "result":"Success", "context":Result: Success. cV=/L3UhBMqps8b/YueJSinjd.0;server=GENERAL1100000N;cloudType=Consumer;environment=Prod_EastUS_000w;migrationStage=NotStarted}
{"logTime": "0621/195915", "correlationVector":"/72iIf+fLTqArrKVwZj809","action":"Commit Request", "result":"", "context":Item count: 1
Contributing types: Sessions}
{"logTime": "0621/195915", "correlationVector":"/72iIf+fLTqArrKVwZj809.1","action":"SyncServerConnectionManagerRequest", "result":"SYNC_SERVER_OK", "context":{"environment":"Prod_EastUS_000w", "migrationStage":"NotStarted", "server":"GENERAL11000000"}}
{"logTime": "0621/195915", "correlationVector":"/72iIf+fLTqArrKVwZj809.2","action":"Commit Response", "result":"Success", "context":Result: Success. cV=/72iIf+fLTqArrKVwZj809.0;server=GENERAL11000000;cloudType=Consumer;environment=Prod_EastUS_000w;migrationStage=NotStarted}
{"logTime": "0621/200103", "correlationVector":"FZJQ5Qc42a5BgAO+69aTfz","action":"Commit Request", "result":"", "context":Item count: 1
Contributing types: Sessions}
{"logTime": "0621/200104", "correlationVector":"FZJQ5Qc42a5BgAO+69aTfz.1","action":"SyncServerConnectionManagerRequest", "result":"SYNC_SERVER_OK", "context":{"environment":"Prod_EastUS_000w", "migrationStage":"NotStarted", "server":"GENERAL1100000P"}}
{"logTime": "0621/200104", "correlationVector":"FZJQ5Qc42a5BgAO+69aTfz.2","action":"Commit Response", "result":"Success", "context":Result: Success. cV=FZJQ5Qc42a5BgAO+69aTfz.0;server=GENERAL1100000P;cloudType=Consumer;environment=Prod_EastUS_000w;migrationStage=NotStarted}
{"logTime": "0621/200259", "correlationVector":"uY2m9hp8xKN2zbMNFWqYWg","action":"Commit Request", "result":"", "context":Item count: 1
Contributing types: Sessions}
{"logTime": "0621/200259", "correlationVector":"uY2m9hp8xKN2zbMNFWqYWg.1","action":"SyncServerConnectionManagerRequest", "result":"SYNC_SERVER_OK", "context":{"environment":"Prod_EastUS_000w", "migrationStage":"NotStarted", "server":"GENERAL1100003H"}}
{"logTime": "0621/200259", "correlationVector":"uY2m9hp8xKN2zbMNFWqYWg.2","action":"Commit Response", "result":"Success", "context":Result: Success. cV=uY2m9hp8xKN2zbMNFWqYWg.0;server=GENERAL1100003H;cloudType=Consumer;environment=Prod_EastUS_000w;migrationStage=NotStarted}
{"logTime": "0621/200610", "correlationVector":"u1pW10qf03YPla2nYYf0Ji","action":"Commit Request", "result":"", "context":Item count: 1
Contributing types: Sessions}
{"logTime": "0621/200610", "correlationVector":"u1pW10qf03YPla2nYYf0Ji.1","action":"SyncServerConnectionManagerRequest", "result":"SYNC_SERVER_OK", "context":{"environment":"Prod_EastUS_000w", "migrationStage":"NotStarted", "server":"GENERAL11000000"}}
{"logTime": "0621/200610", "correlationVector":"u1pW10qf03YPla2nYYf0Ji.2","action":"Commit Response", "result":"Success", "context":Result: Success. cV=u1pW10qf03YPla2nYYf0Ji.0;server=GENERAL11000000;cloudType=Consumer;environment=Prod_EastUS_000w;migrationStage=NotStarted}
{"logTime": "0621/200756", "correlationVector":"boEsfaqNe3ryMH6JhwAuQx","action":"Commit Request", "result":"", "context":Item count: 1
Contributing types: Sessions}
{"logTime": "0621/200756", "correlationVector":"boEsfaqNe3ryMH6JhwAuQx.1","action":"SyncServerConnectionManagerRequest", "result":"SYNC_SERVER_OK", "context":{"environment":"Prod_EastUS_000w", "migrationStage":"NotStarted", "server":"GENERAL02000014"}}
{"logTime": "0621/200756", "correlationVector":"boEsfaqNe3ryMH6JhwAuQx.2","action":"Commit Response", "result":"Success", "context":Result: Success. cV=boEsfaqNe3ryMH6JhwAuQx.0;server=GENERAL02000014;cloudType=Consumer;environment=Prod_EastUS_000w;migrationStage=NotStarted}
